This file contains any messages produced by compilers while
running configure, to aid debugging if configure makes a mistake.

It was created by adolc configure 2.6.2-trunk, which was
generated by GNU Autoconf 2.69.  Invocation command line was

  $ ./configure --prefix=/home/salvo/IODA/CAD/170206_OCCT_diff_TL/AD/adolc_base

## --------- ##
## Platform. ##
## --------- ##

hostname = auriPC
uname -m = x86_64
uname -r = 4.4.0-62-generic
uname -s = Linux
uname -v = #83-Ubuntu SMP Wed Jan 18 14:10:15 UTC 2017

/usr/bin/uname -p = unknown
/bin/uname -X     = unknown

/bin/arch              = unknown
/usr/bin/arch -k       = unknown
/usr/convex/getsysinfo = unknown
/usr/bin/hostinfo      = unknown
/bin/machine           = unknown
/usr/bin/oslevel       = unknown
/bin/universe          = unknown

PATH: /home/salvo/bin
PATH: /home/salvo/.local/bin
PATH: /usr/local/sbin
PATH: /usr/local/bin
PATH: /usr/sbin
PATH: /usr/bin
PATH: /sbin
PATH: /bin
PATH: /usr/games
PATH: /usr/local/games
PATH: /snap/bin
PATH: /home/salvo/Programs/cmake/cmake-3.7.2-Linux-x86_64/bin
PATH: /home/salvo/Programs/clion/clion-2016.3.2/bin


## ----------- ##
## Core tests. ##
## ----------- ##

configure:2875: checking for a BSD-compatible install
configure:2943: result: /usr/bin/install -c
configure:2954: checking whether build environment is sane
configure:3009: result: yes
configure:3160: checking for a thread-safe mkdir -p
configure:3199: result: /bin/mkdir -p
configure:3206: checking for gawk
configure:3236: result: no
configure:3206: checking for mawk
configure:3222: found /usr/bin/mawk
configure:3233: result: mawk
configure:3244: checking whether make sets $(MAKE)
configure:3266: result: yes
configure:3295: checking whether make supports nested variables
configure:3312: result: yes
configure:3449: checking whether make supports nested variables
configure:3466: result: yes
configure:3501: checking whether to build ADOL-C with adjoinable MPI (AMPI) support
configure:3510: result: no
configure:3586: checking for g++
configure:3602: found /usr/bin/g++
configure:3613: result: g++
configure:3640: checking for C++ compiler version
configure:3649: g++ --version >&5
g++ (Ubuntu 5.4.0-6ubuntu1~16.04.4) 5.4.0 20160609
Copyright (C) 2015 Free Software Foundation, Inc.
This is free software; see the source for copying conditions.  There is NO
warranty; not even for MERCHANTABILITY or FITNESS FOR A PARTICULAR PURPOSE.

configure:3660: $? = 0
configure:3649: g++ -v >&5
Using built-in specs.
COLLECT_GCC=g++
COLLECT_LTO_WRAPPER=/usr/lib/gcc/x86_64-linux-gnu/5/lto-wrapper
Target: x86_64-linux-gnu
Configured with: ../src/configure -v --with-pkgversion='Ubuntu 5.4.0-6ubuntu1~16.04.4' --with-bugurl=file:///usr/share/doc/gcc-5/README.Bugs --enable-languages=c,ada,c++,java,go,d,fortran,objc,obj-c++ --prefix=/usr --program-suffix=-5 --enable-shared --enable-linker-build-id --libexecdir=/usr/lib --without-included-gettext --enable-threads=posix --libdir=/usr/lib --enable-nls --with-sysroot=/ --enable-clocale=gnu --enable-libstdcxx-debug --enable-libstdcxx-time=yes --with-default-libstdcxx-abi=new --enable-gnu-unique-object --disable-vtable-verify --enable-libmpx --enable-plugin --with-system-zlib --disable-browser-plugin --enable-java-awt=gtk --enable-gtk-cairo --with-java-home=/usr/lib/jvm/java-1.5.0-gcj-5-amd64/jre --enable-java-home --with-jvm-root-dir=/usr/lib/jvm/java-1.5.0-gcj-5-amd64 --with-jvm-jar-dir=/usr/lib/jvm-exports/java-1.5.0-gcj-5-amd64 --with-arch-directory=amd64 --with-ecj-jar=/usr/share/java/eclipse-ecj.jar --enable-objc-gc --enable-multiarch --disable-werror --with-arch-32=i686 --with-abi=m64 --with-multilib-list=m32,m64,mx32 --enable-multilib --with-tune=generic --enable-checking=release --build=x86_64-linux-gnu --host=x86_64-linux-gnu --target=x86_64-linux-gnu
Thread model: posix
gcc version 5.4.0 20160609 (Ubuntu 5.4.0-6ubuntu1~16.04.4) 
configure:3660: $? = 0
configure:3649: g++ -V >&5
g++: error: unrecognized command line option '-V'
g++: fatal error: no input files
compilation terminated.
configure:3660: $? = 1
configure:3649: g++ -qversion >&5
g++: error: unrecognized command line option '-qversion'
g++: fatal error: no input files
compilation terminated.
configure:3660: $? = 1
configure:3680: checking whether the C++ compiler works
configure:3702: g++    conftest.cpp  >&5
configure:3706: $? = 0
configure:3754: result: yes
configure:3757: checking for C++ compiler default output file name
configure:3759: result: a.out
configure:3765: checking for suffix of executables
configure:3772: g++ -o conftest    conftest.cpp  >&5
configure:3776: $? = 0
configure:3798: result: 
configure:3820: checking whether we are cross compiling
configure:3828: g++ -o conftest    conftest.cpp  >&5
configure:3832: $? = 0
configure:3839: ./conftest
configure:3843: $? = 0
configure:3858: result: no
configure:3863: checking for suffix of object files
configure:3885: g++ -c   conftest.cpp >&5
configure:3889: $? = 0
configure:3910: result: o
configure:3914: checking whether we are using the GNU C++ compiler
configure:3933: g++ -c   conftest.cpp >&5
configure:3933: $? = 0
configure:3942: result: yes
configure:3951: checking whether g++ accepts -g
configure:3971: g++ -c -g  conftest.cpp >&5
configure:3971: $? = 0
configure:4012: result: yes
configure:4046: checking for style of include used by make
configure:4074: result: GNU
configure:4100: checking dependency style of g++
configure:4211: result: gcc3
configure:4234: checking whether g++ supports C++11 features by default
configure:4260: g++ -c -g -O2  conftest.cpp >&5
conftest.cpp:15:21: error: expected identifier before 'sizeof'
       static_assert(sizeof(int) <= sizeof(T), "not big enough");
                     ^
conftest.cpp:15:21: error: expected ',' or '...' before 'sizeof'
conftest.cpp:15:63: error: ISO C++ forbids declaration of 'static_assert' with no type [-fpermissive]
       static_assert(sizeof(int) <= sizeof(T), "not big enough");
                                                               ^
conftest.cpp:18:29: error: '>>' should be '> >' within a nested template argument list
     typedef check<check<bool>> right_angle_brackets;
                             ^
conftest.cpp:21:13: error: expected constructor, destructor, or type conversion before '(' token
     decltype(a) b;
             ^
conftest.cpp:25:15: error: expected unqualified-id before '&&' token
     check_type&& cr = static_cast<check_type&&>(c);
               ^
conftest.cpp:27:10: error: 'd' does not name a type
     auto d = a;
          ^
configure:4260: $? = 1
configure: failed program was:
| /* confdefs.h */
| #define PACKAGE_NAME "adolc"
| #define PACKAGE_TARNAME "adolc"
| #define PACKAGE_VERSION "2.6.2-trunk"
| #define PACKAGE_STRING "adolc 2.6.2-trunk"
| #define PACKAGE_BUGREPORT "adol-c@list.coin-or.org"
| #define PACKAGE_URL ""
| #define PACKAGE "adolc"
| #define VERSION "2.6.2-trunk"
| /* end confdefs.h.  */
| 
|   template <typename T>
|     struct check
|     {
|       static_assert(sizeof(int) <= sizeof(T), "not big enough");
|     };
| 
|     typedef check<check<bool>> right_angle_brackets;
| 
|     int a;
|     decltype(a) b;
| 
|     typedef check<int> check_type;
|     check_type c;
|     check_type&& cr = static_cast<check_type&&>(c);
| 
|     auto d = a;
| 
configure:4267: result: no
configure:4278: checking whether g++ supports C++11 features with -std=c++11
configure:4306: g++ -c -g -O2 -std=c++11  conftest.cpp >&5
configure:4306: $? = 0
configure:4315: result: yes
configure:4397: checking for gcc
configure:4413: found /usr/bin/gcc
configure:4424: result: gcc
configure:4653: checking for C compiler version
configure:4662: gcc --version >&5
gcc (Ubuntu 5.4.0-6ubuntu1~16.04.4) 5.4.0 20160609
Copyright (C) 2015 Free Software Foundation, Inc.
This is free software; see the source for copying conditions.  There is NO
warranty; not even for MERCHANTABILITY or FITNESS FOR A PARTICULAR PURPOSE.

configure:4673: $? = 0
configure:4662: gcc -v >&5
Using built-in specs.
COLLECT_GCC=gcc
COLLECT_LTO_WRAPPER=/usr/lib/gcc/x86_64-linux-gnu/5/lto-wrapper
Target: x86_64-linux-gnu
Configured with: ../src/configure -v --with-pkgversion='Ubuntu 5.4.0-6ubuntu1~16.04.4' --with-bugurl=file:///usr/share/doc/gcc-5/README.Bugs --enable-languages=c,ada,c++,java,go,d,fortran,objc,obj-c++ --prefix=/usr --program-suffix=-5 --enable-shared --enable-linker-build-id --libexecdir=/usr/lib --without-included-gettext --enable-threads=posix --libdir=/usr/lib --enable-nls --with-sysroot=/ --enable-clocale=gnu --enable-libstdcxx-debug --enable-libstdcxx-time=yes --with-default-libstdcxx-abi=new --enable-gnu-unique-object --disable-vtable-verify --enable-libmpx --enable-plugin --with-system-zlib --disable-browser-plugin --enable-java-awt=gtk --enable-gtk-cairo --with-java-home=/usr/lib/jvm/java-1.5.0-gcj-5-amd64/jre --enable-java-home --with-jvm-root-dir=/usr/lib/jvm/java-1.5.0-gcj-5-amd64 --with-jvm-jar-dir=/usr/lib/jvm-exports/java-1.5.0-gcj-5-amd64 --with-arch-directory=amd64 --with-ecj-jar=/usr/share/java/eclipse-ecj.jar --enable-objc-gc --enable-multiarch --disable-werror --with-arch-32=i686 --with-abi=m64 --with-multilib-list=m32,m64,mx32 --enable-multilib --with-tune=generic --enable-checking=release --build=x86_64-linux-gnu --host=x86_64-linux-gnu --target=x86_64-linux-gnu
Thread model: posix
gcc version 5.4.0 20160609 (Ubuntu 5.4.0-6ubuntu1~16.04.4) 
configure:4673: $? = 0
configure:4662: gcc -V >&5
gcc: error: unrecognized command line option '-V'
gcc: fatal error: no input files
compilation terminated.
configure:4673: $? = 1
configure:4662: gcc -qversion >&5
gcc: error: unrecognized command line option '-qversion'
gcc: fatal error: no input files
compilation terminated.
configure:4673: $? = 1
configure:4677: checking whether we are using the GNU C compiler
configure:4696: gcc -c   conftest.c >&5
configure:4696: $? = 0
configure:4705: result: yes
configure:4714: checking whether gcc accepts -g
configure:4734: gcc -c -g  conftest.c >&5
configure:4734: $? = 0
configure:4775: result: yes
configure:4792: checking for gcc option to accept ISO C89
configure:4855: gcc  -c -g -O2  conftest.c >&5
configure:4855: $? = 0
configure:4868: result: none needed
configure:4893: checking whether gcc understands -c and -o together
configure:4915: gcc -c conftest.c -o conftest2.o
configure:4918: $? = 0
configure:4915: gcc -c conftest.c -o conftest2.o
configure:4918: $? = 0
configure:4930: result: yes
configure:4949: checking dependency style of gcc
configure:5060: result: gcc3
configure:5076: checking whether gcc and cc understand -c and -o together
configure:5107: gcc -c conftest.c -o conftest2.o >&5
configure:5111: $? = 0
configure:5117: gcc -c conftest.c -o conftest2.o >&5
configure:5121: $? = 0
configure:5132: cc -c conftest.c >&5
configure:5136: $? = 0
configure:5144: cc -c conftest.c -o conftest2.o >&5
configure:5148: $? = 0
configure:5154: cc -c conftest.c -o conftest2.o >&5
configure:5158: $? = 0
configure:5176: result: yes
configure:5186: checking for gcc option to accept ISO C99
configure:5335: gcc  -c -g -O2  conftest.c >&5
configure:5335: $? = 0
configure:5348: result: none needed
configure:5368: checking how to run the C preprocessor
configure:5399: gcc -E  conftest.c
configure:5399: $? = 0
configure:5413: gcc -E  conftest.c
conftest.c:12:28: fatal error: ac_nonexistent.h: No such file or directory
compilation terminated.
configure:5413: $? = 1
configure: failed program was:
| /* confdefs.h */
| #define PACKAGE_NAME "adolc"
| #define PACKAGE_TARNAME "adolc"
| #define PACKAGE_VERSION "2.6.2-trunk"
| #define PACKAGE_STRING "adolc 2.6.2-trunk"
| #define PACKAGE_BUGREPORT "adol-c@list.coin-or.org"
| #define PACKAGE_URL ""
| #define PACKAGE "adolc"
| #define VERSION "2.6.2-trunk"
| #define HAVE_CXX11 1
| /* end confdefs.h.  */
| #include <ac_nonexistent.h>
configure:5438: result: gcc -E
configure:5458: gcc -E  conftest.c
configure:5458: $? = 0
configure:5472: gcc -E  conftest.c
conftest.c:12:28: fatal error: ac_nonexistent.h: No such file or directory
compilation terminated.
configure:5472: $? = 1
configure: failed program was:
| /* confdefs.h */
| #define PACKAGE_NAME "adolc"
| #define PACKAGE_TARNAME "adolc"
| #define PACKAGE_VERSION "2.6.2-trunk"
| #define PACKAGE_STRING "adolc 2.6.2-trunk"
| #define PACKAGE_BUGREPORT "adol-c@list.coin-or.org"
| #define PACKAGE_URL ""
| #define PACKAGE "adolc"
| #define VERSION "2.6.2-trunk"
| #define HAVE_CXX11 1
| /* end confdefs.h.  */
| #include <ac_nonexistent.h>
configure:5501: checking whether ln -s works
configure:5505: result: yes
configure:5512: checking whether make sets $(MAKE)
configure:5534: result: yes
configure:5572: checking build system type
configure:5586: result: x86_64-pc-linux-gnu
configure:5606: checking host system type
configure:5619: result: x86_64-pc-linux-gnu
configure:5660: checking how to print strings
configure:5687: result: printf
configure:5708: checking for a sed that does not truncate output
configure:5772: result: /bin/sed
configure:5790: checking for grep that handles long lines and -e
configure:5848: result: /bin/grep
configure:5853: checking for egrep
configure:5915: result: /bin/grep -E
configure:5920: checking for fgrep
configure:5982: result: /bin/grep -F
configure:6017: checking for ld used by gcc
configure:6084: result: /usr/bin/ld
configure:6091: checking if the linker (/usr/bin/ld) is GNU ld
configure:6106: result: yes
configure:6118: checking for BSD- or MS-compatible name lister (nm)
configure:6172: result: /usr/bin/nm -B
configure:6302: checking the name lister (/usr/bin/nm -B) interface
configure:6309: gcc -c -g -O2  conftest.c >&5
configure:6312: /usr/bin/nm -B "conftest.o"
configure:6315: output
0000000000000000 B some_variable
configure:6322: result: BSD nm
configure:6326: checking the maximum length of command line arguments
configure:6457: result: 1572864
configure:6505: checking how to convert x86_64-pc-linux-gnu file names to x86_64-pc-linux-gnu format
configure:6545: result: func_convert_file_noop
configure:6552: checking how to convert x86_64-pc-linux-gnu file names to toolchain format
configure:6572: result: func_convert_file_noop
configure:6579: checking for /usr/bin/ld option to reload object files
configure:6586: result: -r
configure:6660: checking for objdump
configure:6676: found /usr/bin/objdump
configure:6687: result: objdump
configure:6716: checking how to recognize dependent libraries
configure:6916: result: pass_all
configure:7001: checking for dlltool
configure:7031: result: no
configure:7058: checking how to associate runtime and link libraries
configure:7085: result: printf %s\n
configure:7146: checking for ar
configure:7162: found /usr/bin/ar
configure:7173: result: ar
configure:7210: checking for archiver @FILE support
configure:7227: gcc -c -g -O2  conftest.c >&5
configure:7227: $? = 0
configure:7230: ar cru libconftest.a @conftest.lst >&5
ar: `u' modifier ignored since `D' is the default (see `U')
configure:7233: $? = 0
configure:7238: ar cru libconftest.a @conftest.lst >&5
ar: `u' modifier ignored since `D' is the default (see `U')
ar: conftest.o: No such file or directory
configure:7241: $? = 1
configure:7253: result: @
configure:7311: checking for strip
configure:7327: found /usr/bin/strip
configure:7338: result: strip
configure:7410: checking for ranlib
configure:7426: found /usr/bin/ranlib
configure:7437: result: ranlib
configure:7539: checking command to parse /usr/bin/nm -B output from gcc object
configure:7692: gcc -c -g -O2  conftest.c >&5
configure:7695: $? = 0
configure:7699: /usr/bin/nm -B conftest.o \| sed -n -e 's/^.*[ ]\([ABCDGIRSTW][ABCDGIRSTW]*\)[ ][ ]*\([_A-Za-z][_A-Za-z0-9]*\)$/\1 \2 \2/p' | sed '/ __gnu_lto/d' \> conftest.nm
configure:7702: $? = 0
configure:7768: gcc -o conftest -g -O2   conftest.c conftstm.o >&5
configure:7771: $? = 0
configure:7809: result: ok
configure:7856: checking for sysroot
configure:7886: result: no
configure:7893: checking for a working dd
configure:7931: result: /bin/dd
configure:7935: checking how to truncate binary pipes
configure:7950: result: /bin/dd bs=4096 count=1
configure:8086: gcc -c -g -O2  conftest.c >&5
configure:8089: $? = 0
configure:8279: checking for mt
configure:8295: found /bin/mt
configure:8306: result: mt
configure:8329: checking if mt is a manifest tool
configure:8335: mt '-?'
configure:8343: result: no
configure:9016: checking for ANSI C header files
configure:9036: gcc -c -g -O2  conftest.c >&5
configure:9036: $? = 0
configure:9109: gcc -o conftest -g -O2   conftest.c  >&5
configure:9109: $? = 0
configure:9109: ./conftest
configure:9109: $? = 0
configure:9120: result: yes
configure:9133: checking for sys/types.h
configure:9133: gcc -c -g -O2  conftest.c >&5
configure:9133: $? = 0
configure:9133: result: yes
configure:9133: checking for sys/stat.h
configure:9133: gcc -c -g -O2  conftest.c >&5
configure:9133: $? = 0
configure:9133: result: yes
configure:9133: checking for stdlib.h
configure:9133: gcc -c -g -O2  conftest.c >&5
configure:9133: $? = 0
configure:9133: result: yes
configure:9133: checking for string.h
configure:9133: gcc -c -g -O2  conftest.c >&5
configure:9133: $? = 0
configure:9133: result: yes
configure:9133: checking for memory.h
configure:9133: gcc -c -g -O2  conftest.c >&5
configure:9133: $? = 0
configure:9133: result: yes
configure:9133: checking for strings.h
configure:9133: gcc -c -g -O2  conftest.c >&5
configure:9133: $? = 0
configure:9133: result: yes
configure:9133: checking for inttypes.h
configure:9133: gcc -c -g -O2  conftest.c >&5
configure:9133: $? = 0
configure:9133: result: yes
configure:9133: checking for stdint.h
configure:9133: gcc -c -g -O2  conftest.c >&5
configure:9133: $? = 0
configure:9133: result: yes
configure:9133: checking for unistd.h
configure:9133: gcc -c -g -O2  conftest.c >&5
configure:9133: $? = 0
configure:9133: result: yes
configure:9147: checking for dlfcn.h
configure:9147: gcc -c -g -O2  conftest.c >&5
configure:9147: $? = 0
configure:9147: result: yes
configure:9709: checking for objdir
configure:9724: result: .libs
configure:9988: checking if gcc supports -fno-rtti -fno-exceptions
configure:10006: gcc -c -g -O2  -fno-rtti -fno-exceptions conftest.c >&5
cc1: warning: command line option '-fno-rtti' is valid for C++/ObjC++ but not for C
configure:10010: $? = 0
configure:10023: result: no
configure:10381: checking for gcc option to produce PIC
configure:10388: result: -fPIC -DPIC
configure:10396: checking if gcc PIC flag -fPIC -DPIC works
configure:10414: gcc -c -g -O2  -fPIC -DPIC -DPIC conftest.c >&5
configure:10418: $? = 0
configure:10431: result: yes
configure:10460: checking if gcc static flag -static works
configure:10488: result: yes
configure:10503: checking if gcc supports -c -o file.o
configure:10524: gcc -c -g -O2  -o out/conftest2.o conftest.c >&5
configure:10528: $? = 0
configure:10550: result: yes
configure:10558: checking if gcc supports -c -o file.o
configure:10605: result: yes
configure:10638: checking whether the gcc linker (/usr/bin/ld -m elf_x86_64) supports shared libraries
configure:11901: result: yes
configure:11938: checking whether -lc should be explicitly linked in
configure:11946: gcc -c -g -O2  conftest.c >&5
configure:11949: $? = 0
configure:11964: gcc -shared  -fPIC -DPIC conftest.o  -v -Wl,-soname -Wl,conftest -o conftest 2\>\&1 \| /bin/grep  -lc  \>/dev/null 2\>\&1
configure:11967: $? = 0
configure:11981: result: no
configure:12141: checking dynamic linker characteristics
configure:12722: gcc -o conftest -g -O2   -Wl,-rpath -Wl,/foo conftest.c  >&5
configure:12722: $? = 0
configure:12971: result: GNU/Linux ld.so
configure:13093: checking how to hardcode library paths into programs
configure:13118: result: immediate
configure:13220: checking for shl_load
configure:13220: gcc -o conftest -g -O2   conftest.c  >&5
/tmp/ccGHqCir.o: In function `main':
/home/salvo/IODA/CAD/170206_OCCT_diff_TL/AD/adol-c/conftest.c:58: undefined reference to `shl_load'
collect2: error: ld returned 1 exit status
configure:13220: $? = 1
configure: failed program was:
| /* confdefs.h */
| #define PACKAGE_NAME "adolc"
| #define PACKAGE_TARNAME "adolc"
| #define PACKAGE_VERSION "2.6.2-trunk"
| #define PACKAGE_STRING "adolc 2.6.2-trunk"
| #define PACKAGE_BUGREPORT "adol-c@list.coin-or.org"
| #define PACKAGE_URL ""
| #define PACKAGE "adolc"
| #define VERSION "2.6.2-trunk"
| #define HAVE_CXX11 1
| #define STDC_HEADERS 1
| #define HAVE_SYS_TYPES_H 1
| #define HAVE_SYS_STAT_H 1
| #define HAVE_STDLIB_H 1
| #define HAVE_STRING_H 1
| #define HAVE_MEMORY_H 1
| #define HAVE_STRINGS_H 1
| #define HAVE_INTTYPES_H 1
| #define HAVE_STDINT_H 1
| #define HAVE_UNISTD_H 1
| #define HAVE_DLFCN_H 1
| #define LT_OBJDIR ".libs/"
| /* end confdefs.h.  */
| /* Define shl_load to an innocuous variant, in case <limits.h> declares shl_load.
|    For example, HP-UX 11i <limits.h> declares gettimeofday.  */
| #define shl_load innocuous_shl_load
| 
| /* System header to define __stub macros and hopefully few prototypes,
|     which can conflict with char shl_load (); below.
|     Prefer <limits.h> to <assert.h> if __STDC__ is defined, since
|     <limits.h> exists even on freestanding compilers.  */
| 
| #ifdef __STDC__
| # include <limits.h>
| #else
| # include <assert.h>
| #endif
| 
| #undef shl_load
| 
| /* Override any GCC internal prototype to avoid an error.
|    Use char because int might match the return type of a GCC
|    builtin and then its argument prototype would still apply.  */
| #ifdef __cplusplus
| extern "C"
| #endif
| char shl_load ();
| /* The GNU C library defines this for functions which it implements
|     to always fail with ENOSYS.  Some functions are actually named
|     something starting with __ and the normal name is an alias.  */
| #if defined __stub_shl_load || defined __stub___shl_load
| choke me
| #endif
| 
| int
| main ()
| {
| return shl_load ();
|   ;
|   return 0;
| }
configure:13220: result: no
configure:13224: checking for shl_load in -ldld
configure:13249: gcc -o conftest -g -O2   conftest.c -ldld   >&5
/usr/bin/ld: cannot find -ldld
collect2: error: ld returned 1 exit status
configure:13249: $? = 1
configure: failed program was:
| /* confdefs.h */
| #define PACKAGE_NAME "adolc"
| #define PACKAGE_TARNAME "adolc"
| #define PACKAGE_VERSION "2.6.2-trunk"
| #define PACKAGE_STRING "adolc 2.6.2-trunk"
| #define PACKAGE_BUGREPORT "adol-c@list.coin-or.org"
| #define PACKAGE_URL ""
| #define PACKAGE "adolc"
| #define VERSION "2.6.2-trunk"
| #define HAVE_CXX11 1
| #define STDC_HEADERS 1
| #define HAVE_SYS_TYPES_H 1
| #define HAVE_SYS_STAT_H 1
| #define HAVE_STDLIB_H 1
| #define HAVE_STRING_H 1
| #define HAVE_MEMORY_H 1
| #define HAVE_STRINGS_H 1
| #define HAVE_INTTYPES_H 1
| #define HAVE_STDINT_H 1
| #define HAVE_UNISTD_H 1
| #define HAVE_DLFCN_H 1
| #define LT_OBJDIR ".libs/"
| /* end confdefs.h.  */
| 
| /* Override any GCC internal prototype to avoid an error.
|    Use char because int might match the return type of a GCC
|    builtin and then its argument prototype would still apply.  */
| #ifdef __cplusplus
| extern "C"
| #endif
| char shl_load ();
| int
| main ()
| {
| return shl_load ();
|   ;
|   return 0;
| }
configure:13258: result: no
configure:13263: checking for dlopen
configure:13263: gcc -o conftest -g -O2   conftest.c  >&5
/tmp/ccbFVIzs.o: In function `main':
/home/salvo/IODA/CAD/170206_OCCT_diff_TL/AD/adol-c/conftest.c:58: undefined reference to `dlopen'
collect2: error: ld returned 1 exit status
configure:13263: $? = 1
configure: failed program was:
| /* confdefs.h */
| #define PACKAGE_NAME "adolc"
| #define PACKAGE_TARNAME "adolc"
| #define PACKAGE_VERSION "2.6.2-trunk"
| #define PACKAGE_STRING "adolc 2.6.2-trunk"
| #define PACKAGE_BUGREPORT "adol-c@list.coin-or.org"
| #define PACKAGE_URL ""
| #define PACKAGE "adolc"
| #define VERSION "2.6.2-trunk"
| #define HAVE_CXX11 1
| #define STDC_HEADERS 1
| #define HAVE_SYS_TYPES_H 1
| #define HAVE_SYS_STAT_H 1
| #define HAVE_STDLIB_H 1
| #define HAVE_STRING_H 1
| #define HAVE_MEMORY_H 1
| #define HAVE_STRINGS_H 1
| #define HAVE_INTTYPES_H 1
| #define HAVE_STDINT_H 1
| #define HAVE_UNISTD_H 1
| #define HAVE_DLFCN_H 1
| #define LT_OBJDIR ".libs/"
| /* end confdefs.h.  */
| /* Define dlopen to an innocuous variant, in case <limits.h> declares dlopen.
|    For example, HP-UX 11i <limits.h> declares gettimeofday.  */
| #define dlopen innocuous_dlopen
| 
| /* System header to define __stub macros and hopefully few prototypes,
|     which can conflict with char dlopen (); below.
|     Prefer <limits.h> to <assert.h> if __STDC__ is defined, since
|     <limits.h> exists even on freestanding compilers.  */
| 
| #ifdef __STDC__
| # include <limits.h>
| #else
| # include <assert.h>
| #endif
| 
| #undef dlopen
| 
| /* Override any GCC internal prototype to avoid an error.
|    Use char because int might match the return type of a GCC
|    builtin and then its argument prototype would still apply.  */
| #ifdef __cplusplus
| extern "C"
| #endif
| char dlopen ();
| /* The GNU C library defines this for functions which it implements
|     to always fail with ENOSYS.  Some functions are actually named
|     something starting with __ and the normal name is an alias.  */
| #if defined __stub_dlopen || defined __stub___dlopen
| choke me
| #endif
| 
| int
| main ()
| {
| return dlopen ();
|   ;
|   return 0;
| }
configure:13263: result: no
configure:13267: checking for dlopen in -ldl
configure:13292: gcc -o conftest -g -O2   conftest.c -ldl   >&5
configure:13292: $? = 0
configure:13301: result: yes
configure:13420: checking whether a program can dlopen itself
configure:13500: gcc -o conftest -g -O2  -DHAVE_DLFCN_H  -Wl,--export-dynamic conftest.c -ldl  >&5
configure:13503: $? = 0
configure:13521: result: yes
configure:13526: checking whether a statically linked program can dlopen itself
configure:13606: gcc -o conftest -g -O2  -DHAVE_DLFCN_H  -Wl,--export-dynamic -static conftest.c -ldl  >&5
/tmp/ccPROISB.o: In function `main':
/home/salvo/IODA/CAD/170206_OCCT_diff_TL/AD/adol-c/configure:13585: warning: Using 'dlopen' in statically linked applications requires at runtime the shared libraries from the glibc version used for linking
/usr/bin/ld: dynamic STT_GNU_IFUNC symbol `strcmp' with pointer equality in `/usr/lib/gcc/x86_64-linux-gnu/5/../../../x86_64-linux-gnu/libc.a(strcmp.o)' can not be used when making an executable; recompile with -fPIE and relink with -pie
collect2: error: ld returned 1 exit status
configure:13609: $? = 1
configure:13627: result: no
configure:13666: checking whether stripping libraries is possible
configure:13671: result: yes
configure:13706: checking if libtool supports shared libraries
configure:13708: result: yes
configure:13711: checking whether to build shared libraries
configure:13736: result: yes
configure:13739: checking whether to build static libraries
configure:13743: result: no
configure:13766: checking how to run the C++ preprocessor
configure:13793: g++ -E  conftest.cpp
configure:13793: $? = 0
configure:13807: g++ -E  conftest.cpp
conftest.cpp:24:28: fatal error: ac_nonexistent.h: No such file or directory
compilation terminated.
configure:13807: $? = 1
configure: failed program was:
| /* confdefs.h */
| #define PACKAGE_NAME "adolc"
| #define PACKAGE_TARNAME "adolc"
| #define PACKAGE_VERSION "2.6.2-trunk"
| #define PACKAGE_STRING "adolc 2.6.2-trunk"
| #define PACKAGE_BUGREPORT "adol-c@list.coin-or.org"
| #define PACKAGE_URL ""
| #define PACKAGE "adolc"
| #define VERSION "2.6.2-trunk"
| #define HAVE_CXX11 1
| #define STDC_HEADERS 1
| #define HAVE_SYS_TYPES_H 1
| #define HAVE_SYS_STAT_H 1
| #define HAVE_STDLIB_H 1
| #define HAVE_STRING_H 1
| #define HAVE_MEMORY_H 1
| #define HAVE_STRINGS_H 1
| #define HAVE_INTTYPES_H 1
| #define HAVE_STDINT_H 1
| #define HAVE_UNISTD_H 1
| #define HAVE_DLFCN_H 1
| #define LT_OBJDIR ".libs/"
| /* end confdefs.h.  */
| #include <ac_nonexistent.h>
configure:13832: result: g++ -E
configure:13852: g++ -E  conftest.cpp
configure:13852: $? = 0
configure:13866: g++ -E  conftest.cpp
conftest.cpp:24:28: fatal error: ac_nonexistent.h: No such file or directory
compilation terminated.
configure:13866: $? = 1
configure: failed program was:
| /* confdefs.h */
| #define PACKAGE_NAME "adolc"
| #define PACKAGE_TARNAME "adolc"
| #define PACKAGE_VERSION "2.6.2-trunk"
| #define PACKAGE_STRING "adolc 2.6.2-trunk"
| #define PACKAGE_BUGREPORT "adol-c@list.coin-or.org"
| #define PACKAGE_URL ""
| #define PACKAGE "adolc"
| #define VERSION "2.6.2-trunk"
| #define HAVE_CXX11 1
| #define STDC_HEADERS 1
| #define HAVE_SYS_TYPES_H 1
| #define HAVE_SYS_STAT_H 1
| #define HAVE_STDLIB_H 1
| #define HAVE_STRING_H 1
| #define HAVE_MEMORY_H 1
| #define HAVE_STRINGS_H 1
| #define HAVE_INTTYPES_H 1
| #define HAVE_STDINT_H 1
| #define HAVE_UNISTD_H 1
| #define HAVE_DLFCN_H 1
| #define LT_OBJDIR ".libs/"
| /* end confdefs.h.  */
| #include <ac_nonexistent.h>
configure:14028: checking for ld used by g++
configure:14095: result: /usr/bin/ld -m elf_x86_64
configure:14102: checking if the linker (/usr/bin/ld -m elf_x86_64) is GNU ld
configure:14117: result: yes
configure:14172: checking whether the g++ linker (/usr/bin/ld -m elf_x86_64) supports shared libraries
configure:15245: result: yes
configure:15281: g++ -c -g -O2 -std=c++11  conftest.cpp >&5
configure:15284: $? = 0
configure:15765: checking for g++ option to produce PIC
configure:15772: result: -fPIC -DPIC
configure:15780: checking if g++ PIC flag -fPIC -DPIC works
configure:15798: g++ -c -g -O2 -std=c++11  -fPIC -DPIC -DPIC conftest.cpp >&5
configure:15802: $? = 0
configure:15815: result: yes
configure:15838: checking if g++ static flag -static works
configure:15866: result: yes
configure:15878: checking if g++ supports -c -o file.o
configure:15899: g++ -c -g -O2 -std=c++11  -o out/conftest2.o conftest.cpp >&5
configure:15903: $? = 0
configure:15925: result: yes
configure:15930: checking if g++ supports -c -o file.o
configure:15977: result: yes
configure:16007: checking whether the g++ linker (/usr/bin/ld -m elf_x86_64) supports shared libraries
configure:16050: result: yes
configure:16191: checking dynamic linker characteristics
configure:16948: result: GNU/Linux ld.so
configure:17013: checking how to hardcode library paths into programs
configure:17038: result: immediate
configure:17189: checking size of void *
configure:17194: gcc -o conftest -g -O2   conftest.c  >&5
configure:17194: $? = 0
configure:17194: ./conftest
configure:17194: $? = 0
configure:17208: result: 8
configure:17231: checking for __builtin_expect
configure:17254: gcc -o conftest -g -O2   conftest.c  >&5
configure:17254: $? = 0
configure:17256: result: yes
configure:17273: checking for ANSI C header files
configure:17377: result: yes
configure:17385: checking whether time.h and sys/time.h may both be included
configure:17405: gcc -c -g -O2  conftest.c >&5
configure:17405: $? = 0
configure:17412: result: yes
configure:17420: checking for stdbool.h that conforms to C99
configure:17487: gcc -c -g -O2  conftest.c >&5
configure:17487: $? = 0
configure:17494: result: yes
configure:17496: checking for _Bool
configure:17496: gcc -c -g -O2  conftest.c >&5
configure:17496: $? = 0
configure:17496: gcc -c -g -O2  conftest.c >&5
conftest.c: In function 'main':
conftest.c:64:20: error: expected expression before ')' token
 if (sizeof ((_Bool)))
                    ^
configure:17496: $? = 1
configure: failed program was:
| /* confdefs.h */
| #define PACKAGE_NAME "adolc"
| #define PACKAGE_TARNAME "adolc"
| #define PACKAGE_VERSION "2.6.2-trunk"
| #define PACKAGE_STRING "adolc 2.6.2-trunk"
| #define PACKAGE_BUGREPORT "adol-c@list.coin-or.org"
| #define PACKAGE_URL ""
| #define PACKAGE "adolc"
| #define VERSION "2.6.2-trunk"
| #define HAVE_CXX11 1
| #define STDC_HEADERS 1
| #define HAVE_SYS_TYPES_H 1
| #define HAVE_SYS_STAT_H 1
| #define HAVE_STDLIB_H 1
| #define HAVE_STRING_H 1
| #define HAVE_MEMORY_H 1
| #define HAVE_STRINGS_H 1
| #define HAVE_INTTYPES_H 1
| #define HAVE_STDINT_H 1
| #define HAVE_UNISTD_H 1
| #define HAVE_DLFCN_H 1
| #define LT_OBJDIR ".libs/"
| #define SIZEOF_VOID_P 8
| #define HAVE_BUILTIN_EXPECT 1
| #define STDC_HEADERS 1
| #define TIME_WITH_SYS_TIME 1
| /* end confdefs.h.  */
| #include <stdio.h>
| #ifdef HAVE_SYS_TYPES_H
| # include <sys/types.h>
| #endif
| #ifdef HAVE_SYS_STAT_H
| # include <sys/stat.h>
| #endif
| #ifdef STDC_HEADERS
| # include <stdlib.h>
| # include <stddef.h>
| #else
| # ifdef HAVE_STDLIB_H
| #  include <stdlib.h>
| # endif
| #endif
| #ifdef HAVE_STRING_H
| # if !defined STDC_HEADERS && defined HAVE_MEMORY_H
| #  include <memory.h>
| # endif
| # include <string.h>
| #endif
| #ifdef HAVE_STRINGS_H
| # include <strings.h>
| #endif
| #ifdef HAVE_INTTYPES_H
| # include <inttypes.h>
| #endif
| #ifdef HAVE_STDINT_H
| # include <stdint.h>
| #endif
| #ifdef HAVE_UNISTD_H
| # include <unistd.h>
| #endif
| int
| main ()
| {
| if (sizeof ((_Bool)))
| 	    return 0;
|   ;
|   return 0;
| }
configure:17496: result: yes
configure:17516: checking stddef.h usability
configure:17516: gcc -c -g -O2  conftest.c >&5
configure:17516: $? = 0
configure:17516: result: yes
configure:17516: checking stddef.h presence
configure:17516: gcc -E  conftest.c
configure:17516: $? = 0
configure:17516: result: yes
configure:17516: checking for stddef.h
configure:17516: result: yes
configure:17516: checking for stdlib.h
configure:17516: result: yes
configure:17516: checking stdio.h usability
configure:17516: gcc -c -g -O2  conftest.c >&5
configure:17516: $? = 0
configure:17516: result: yes
configure:17516: checking stdio.h presence
configure:17516: gcc -E  conftest.c
configure:17516: $? = 0
configure:17516: result: yes
configure:17516: checking for stdio.h
configure:17516: result: yes
configure:17516: checking for string.h
configure:17516: result: yes
configure:17516: checking for unistd.h
configure:17516: result: yes
configure:17516: checking sys/timeb.h usability
configure:17516: gcc -c -g -O2  conftest.c >&5
configure:17516: $? = 0
configure:17516: result: yes
configure:17516: checking sys/timeb.h presence
configure:17516: gcc -E  conftest.c
configure:17516: $? = 0
configure:17516: result: yes
configure:17516: checking for sys/timeb.h
configure:17516: result: yes
configure:17528: checking for an ANSI C-conforming const
configure:17594: gcc -c -g -O2  conftest.c >&5
configure:17594: $? = 0
configure:17601: result: yes
configure:17609: checking for inline
configure:17625: gcc -c -g -O2  conftest.c >&5
configure:17625: $? = 0
configure:17633: result: inline
configure:17651: checking for size_t
configure:17651: gcc -c -g -O2  conftest.c >&5
configure:17651: $? = 0
configure:17651: gcc -c -g -O2  conftest.c >&5
conftest.c: In function 'main':
conftest.c:72:21: error: expected expression before ')' token
 if (sizeof ((size_t)))
                     ^
configure:17651: $? = 1
configure: failed program was:
| /* confdefs.h */
| #define PACKAGE_NAME "adolc"
| #define PACKAGE_TARNAME "adolc"
| #define PACKAGE_VERSION "2.6.2-trunk"
| #define PACKAGE_STRING "adolc 2.6.2-trunk"
| #define PACKAGE_BUGREPORT "adol-c@list.coin-or.org"
| #define PACKAGE_URL ""
| #define PACKAGE "adolc"
| #define VERSION "2.6.2-trunk"
| #define HAVE_CXX11 1
| #define STDC_HEADERS 1
| #define HAVE_SYS_TYPES_H 1
| #define HAVE_SYS_STAT_H 1
| #define HAVE_STDLIB_H 1
| #define HAVE_STRING_H 1
| #define HAVE_MEMORY_H 1
| #define HAVE_STRINGS_H 1
| #define HAVE_INTTYPES_H 1
| #define HAVE_STDINT_H 1
| #define HAVE_UNISTD_H 1
| #define HAVE_DLFCN_H 1
| #define LT_OBJDIR ".libs/"
| #define SIZEOF_VOID_P 8
| #define HAVE_BUILTIN_EXPECT 1
| #define STDC_HEADERS 1
| #define TIME_WITH_SYS_TIME 1
| #define HAVE__BOOL 1
| #define HAVE_STDBOOL_H 1
| #define HAVE_STDDEF_H 1
| #define HAVE_STDLIB_H 1
| #define HAVE_STDIO_H 1
| #define HAVE_STRING_H 1
| #define HAVE_UNISTD_H 1
| #define HAVE_SYS_TIMEB_H 1
| /* end confdefs.h.  */
| #include <stdio.h>
| #ifdef HAVE_SYS_TYPES_H
| # include <sys/types.h>
| #endif
| #ifdef HAVE_SYS_STAT_H
| # include <sys/stat.h>
| #endif
| #ifdef STDC_HEADERS
| # include <stdlib.h>
| # include <stddef.h>
| #else
| # ifdef HAVE_STDLIB_H
| #  include <stdlib.h>
| # endif
| #endif
| #ifdef HAVE_STRING_H
| # if !defined STDC_HEADERS && defined HAVE_MEMORY_H
| #  include <memory.h>
| # endif
| # include <string.h>
| #endif
| #ifdef HAVE_STRINGS_H
| # include <strings.h>
| #endif
| #ifdef HAVE_INTTYPES_H
| # include <inttypes.h>
| #endif
| #ifdef HAVE_STDINT_H
| # include <stdint.h>
| #endif
| #ifdef HAVE_UNISTD_H
| # include <unistd.h>
| #endif
| int
| main ()
| {
| if (sizeof ((size_t)))
| 	    return 0;
|   ;
|   return 0;
| }
configure:17651: result: yes
configure:17662: checking whether struct tm is in sys/time.h or time.h
configure:17682: gcc -c -g -O2  conftest.c >&5
configure:17682: $? = 0
configure:17689: result: time.h
configure:17700: checking for library containing pow
configure:17731: gcc -o conftest -g -O2   conftest.c  >&5
conftest.c:43:6: warning: conflicting types for built-in function 'pow'
 char pow ();
      ^
/tmp/ccHBCnqv.o: In function `main':
/home/salvo/IODA/CAD/170206_OCCT_diff_TL/AD/adol-c/conftest.c:47: undefined reference to `pow'
collect2: error: ld returned 1 exit status
configure:17731: $? = 1
configure: failed program was:
| /* confdefs.h */
| #define PACKAGE_NAME "adolc"
| #define PACKAGE_TARNAME "adolc"
| #define PACKAGE_VERSION "2.6.2-trunk"
| #define PACKAGE_STRING "adolc 2.6.2-trunk"
| #define PACKAGE_BUGREPORT "adol-c@list.coin-or.org"
| #define PACKAGE_URL ""
| #define PACKAGE "adolc"
| #define VERSION "2.6.2-trunk"
| #define HAVE_CXX11 1
| #define STDC_HEADERS 1
| #define HAVE_SYS_TYPES_H 1
| #define HAVE_SYS_STAT_H 1
| #define HAVE_STDLIB_H 1
| #define HAVE_STRING_H 1
| #define HAVE_MEMORY_H 1
| #define HAVE_STRINGS_H 1
| #define HAVE_INTTYPES_H 1
| #define HAVE_STDINT_H 1
| #define HAVE_UNISTD_H 1
| #define HAVE_DLFCN_H 1
| #define LT_OBJDIR ".libs/"
| #define SIZEOF_VOID_P 8
| #define HAVE_BUILTIN_EXPECT 1
| #define STDC_HEADERS 1
| #define TIME_WITH_SYS_TIME 1
| #define HAVE__BOOL 1
| #define HAVE_STDBOOL_H 1
| #define HAVE_STDDEF_H 1
| #define HAVE_STDLIB_H 1
| #define HAVE_STDIO_H 1
| #define HAVE_STRING_H 1
| #define HAVE_UNISTD_H 1
| #define HAVE_SYS_TIMEB_H 1
| /* end confdefs.h.  */
| 
| /* Override any GCC internal prototype to avoid an error.
|    Use char because int might match the return type of a GCC
|    builtin and then its argument prototype would still apply.  */
| #ifdef __cplusplus
| extern "C"
| #endif
| char pow ();
| int
| main ()
| {
| return pow ();
|   ;
|   return 0;
| }
configure:17731: gcc -o conftest -g -O2   conftest.c -lm   >&5
conftest.c:43:6: warning: conflicting types for built-in function 'pow'
 char pow ();
      ^
configure:17731: $? = 0
configure:17748: result: -lm
configure:17759: checking for floor
configure:17759: gcc -o conftest -g -O2   conftest.c -lm  >&5
conftest.c:59:6: warning: conflicting types for built-in function 'floor'
 char floor ();
      ^
configure:17759: $? = 0
configure:17759: result: yes
configure:17759: checking for fmax
configure:17759: gcc -o conftest -g -O2   conftest.c -lm  >&5
conftest.c:60:6: warning: conflicting types for built-in function 'fmax'
 char fmax ();
      ^
configure:17759: $? = 0
configure:17759: result: yes
configure:17759: checking for fmin
configure:17759: gcc -o conftest -g -O2   conftest.c -lm  >&5
conftest.c:61:6: warning: conflicting types for built-in function 'fmin'
 char fmin ();
      ^
configure:17759: $? = 0
configure:17759: result: yes
configure:17759: checking for ftime
configure:17759: gcc -o conftest -g -O2   conftest.c -lm  >&5
configure:17759: $? = 0
configure:17759: result: yes
configure:17759: checking for pow
configure:17759: gcc -o conftest -g -O2   conftest.c -lm  >&5
conftest.c:63:6: warning: conflicting types for built-in function 'pow'
 char pow ();
      ^
configure:17759: $? = 0
configure:17759: result: yes
configure:17759: checking for sqrt
configure:17759: gcc -o conftest -g -O2   conftest.c -lm  >&5
conftest.c:64:6: warning: conflicting types for built-in function 'sqrt'
 char sqrt ();
      ^
configure:17759: $? = 0
configure:17759: result: yes
configure:17759: checking for strchr
configure:17759: gcc -o conftest -g -O2   conftest.c -lm  >&5
conftest.c:65:6: warning: conflicting types for built-in function 'strchr'
 char strchr ();
      ^
configure:17759: $? = 0
configure:17759: result: yes
configure:17759: checking for strtol
configure:17759: gcc -o conftest -g -O2   conftest.c -lm  >&5
configure:17759: $? = 0
configure:17759: result: yes
configure:17759: checking for trunc
configure:17759: gcc -o conftest -g -O2   conftest.c -lm  >&5
conftest.c:67:6: warning: conflicting types for built-in function 'trunc'
 char trunc ();
      ^
configure:17759: $? = 0
configure:17759: result: yes
configure:17792: checking for stdlib.h
configure:17792: result: yes
configure:17802: checking for GNU libc compatible malloc
configure:17826: gcc -o conftest -g -O2   conftest.c -lm  >&5
configure:17826: $? = 0
configure:17826: ./conftest
configure:17826: $? = 0
configure:17836: result: yes
configure:17859: checking for stdlib.h
configure:17859: result: yes
configure:17869: checking for GNU libc compatible realloc
configure:17893: gcc -o conftest -g -O2   conftest.c -lm  >&5
configure:17893: $? = 0
configure:17893: ./conftest
configure:17893: $? = 0
configure:17903: result: yes
configure:17932: checking whether to use calloc or malloc for memory allocation
configure:17943: result: calloc
configure:17953: checking whether to enable atrig/erf functions
configure:17962: result: no
configure:17972: checking whether to use 32-bit or 64-bit locations
configure:17988: result: 32-bit
configure:17993: checking whether to use single or double precision
configure:18010: result: double
configure:18014: checking whether to enable advanced branching operations
configure:18023: result: no
configure:18034: checking whether to use ADOL-C debug mode
configure:18046: result: no
configure:18052: checking whether to use ADOL-C hard debug mode
configure:18064: result: no
configure:18083: checking whether the default adouble constructor should initialize the value to 0
configure:18095: result: yes
configure:18107: checking whether the adouble variables have a late initialize option for functions like malloc/realloc
configure:18119: result: no
configure:18131: checking whether errno is thread save
configure:18143: result: no
configure:18155: checking which flag to use to enable OpenMP
configure:18165: result: none
configure:18218: checking for boostlib >= 1.54
configure:18301: g++ -c -g -O2 -std=c++11  -I/usr/include conftest.cpp >&5
configure:18301: $? = 0
configure:18303: result: yes
configure:18460: checking boost/pool/pool_alloc.hpp usability
configure:18460: g++ -c -g -O2 -std=c++11  -I/usr/include conftest.cpp >&5
configure:18460: $? = 0
configure:18460: result: yes
configure:18460: checking boost/pool/pool_alloc.hpp presence
configure:18460: g++ -E  -I/usr/include conftest.cpp
configure:18460: $? = 0
configure:18460: result: yes
configure:18460: checking for boost/pool/pool_alloc.hpp
configure:18460: result: yes
configure:18508: checking whether the Boost::System library is available
configure:18532: g++ -c -g -O2 -std=c++11  -I/usr/include -I/usr/include conftest.cpp >&5
configure:18532: $? = 0
configure:18547: result: yes
configure:18562: checking for exit in -lboost_system
configure:18587: gcc -o conftest -g -O2  -I/usr/include -I/usr/include  -L/usr/lib/x86_64-linux-gnu conftest.c -lboost_system  -lm  >&5
conftest.c:64:6: warning: conflicting types for built-in function 'exit'
 char exit ();
      ^
configure:18587: $? = 0
configure:18597: result: yes
configure:18736: checking whether to build sparse drivers
configure:18745: result: no
configure:18786: checking ColPack/ColPackHeaders.h usability
configure:18786: g++ -c -g -O2 -std=c++11   -I/usr/include  conftest.cpp >&5
conftest.cpp:91:36: fatal error: ColPack/ColPackHeaders.h: No such file or directory
compilation terminated.
configure:18786: $? = 1
configure: failed program was:
| /* confdefs.h */
| #define PACKAGE_NAME "adolc"
| #define PACKAGE_TARNAME "adolc"
| #define PACKAGE_VERSION "2.6.2-trunk"
| #define PACKAGE_STRING "adolc 2.6.2-trunk"
| #define PACKAGE_BUGREPORT "adol-c@list.coin-or.org"
| #define PACKAGE_URL ""
| #define PACKAGE "adolc"
| #define VERSION "2.6.2-trunk"
| #define HAVE_CXX11 1
| #define STDC_HEADERS 1
| #define HAVE_SYS_TYPES_H 1
| #define HAVE_SYS_STAT_H 1
| #define HAVE_STDLIB_H 1
| #define HAVE_STRING_H 1
| #define HAVE_MEMORY_H 1
| #define HAVE_STRINGS_H 1
| #define HAVE_INTTYPES_H 1
| #define HAVE_STDINT_H 1
| #define HAVE_UNISTD_H 1
| #define HAVE_DLFCN_H 1
| #define LT_OBJDIR ".libs/"
| #define SIZEOF_VOID_P 8
| #define HAVE_BUILTIN_EXPECT 1
| #define STDC_HEADERS 1
| #define TIME_WITH_SYS_TIME 1
| #define HAVE__BOOL 1
| #define HAVE_STDBOOL_H 1
| #define HAVE_STDDEF_H 1
| #define HAVE_STDLIB_H 1
| #define HAVE_STDIO_H 1
| #define HAVE_STRING_H 1
| #define HAVE_UNISTD_H 1
| #define HAVE_SYS_TIMEB_H 1
| #define HAVE_FLOOR 1
| #define HAVE_FMAX 1
| #define HAVE_FMIN 1
| #define HAVE_FTIME 1
| #define HAVE_POW 1
| #define HAVE_SQRT 1
| #define HAVE_STRCHR 1
| #define HAVE_STRTOL 1
| #define HAVE_TRUNC 1
| #define ADOLC_VERSION 2
| #define ADOLC_SUBVERSION 6
| #define ADOLC_PATCHLEVEL 2
| #define HAVE_STDLIB_H 1
| #define HAVE_MALLOC 1
| #define HAVE_STDLIB_H 1
| #define HAVE_REALLOC 1
| #define ADOLC_USE_CALLOC 1
| #define ADOLC_ADOUBLE_STDCZERO 1
| #define HAVE_BOOST /**/
| #define HAVE_BOOST_POOL_POOL_ALLOC_HPP 1
| #define HAVE_BOOST_SYSTEM /**/
| #define BOOST_POOL_NO_MT 1
| /* end confdefs.h.  */
| #include <stdio.h>
| #ifdef HAVE_SYS_TYPES_H
| # include <sys/types.h>
| #endif
| #ifdef HAVE_SYS_STAT_H
| # include <sys/stat.h>
| #endif
| #ifdef STDC_HEADERS
| # include <stdlib.h>
| # include <stddef.h>
| #else
| # ifdef HAVE_STDLIB_H
| #  include <stdlib.h>
| # endif
| #endif
| #ifdef HAVE_STRING_H
| # if !defined STDC_HEADERS && defined HAVE_MEMORY_H
| #  include <memory.h>
| # endif
| # include <string.h>
| #endif
| #ifdef HAVE_STRINGS_H
| # include <strings.h>
| #endif
| #ifdef HAVE_INTTYPES_H
| # include <inttypes.h>
| #endif
| #ifdef HAVE_STDINT_H
| # include <stdint.h>
| #endif
| #ifdef HAVE_UNISTD_H
| # include <unistd.h>
| #endif
| #include <ColPack/ColPackHeaders.h>
configure:18786: result: no
configure:18786: checking ColPack/ColPackHeaders.h presence
configure:18786: g++ -E  -I/usr/include  conftest.cpp
conftest.cpp:58:36: fatal error: ColPack/ColPackHeaders.h: No such file or directory
compilation terminated.
configure:18786: $? = 1
configure: failed program was:
| /* confdefs.h */
| #define PACKAGE_NAME "adolc"
| #define PACKAGE_TARNAME "adolc"
| #define PACKAGE_VERSION "2.6.2-trunk"
| #define PACKAGE_STRING "adolc 2.6.2-trunk"
| #define PACKAGE_BUGREPORT "adol-c@list.coin-or.org"
| #define PACKAGE_URL ""
| #define PACKAGE "adolc"
| #define VERSION "2.6.2-trunk"
| #define HAVE_CXX11 1
| #define STDC_HEADERS 1
| #define HAVE_SYS_TYPES_H 1
| #define HAVE_SYS_STAT_H 1
| #define HAVE_STDLIB_H 1
| #define HAVE_STRING_H 1
| #define HAVE_MEMORY_H 1
| #define HAVE_STRINGS_H 1
| #define HAVE_INTTYPES_H 1
| #define HAVE_STDINT_H 1
| #define HAVE_UNISTD_H 1
| #define HAVE_DLFCN_H 1
| #define LT_OBJDIR ".libs/"
| #define SIZEOF_VOID_P 8
| #define HAVE_BUILTIN_EXPECT 1
| #define STDC_HEADERS 1
| #define TIME_WITH_SYS_TIME 1
| #define HAVE__BOOL 1
| #define HAVE_STDBOOL_H 1
| #define HAVE_STDDEF_H 1
| #define HAVE_STDLIB_H 1
| #define HAVE_STDIO_H 1
| #define HAVE_STRING_H 1
| #define HAVE_UNISTD_H 1
| #define HAVE_SYS_TIMEB_H 1
| #define HAVE_FLOOR 1
| #define HAVE_FMAX 1
| #define HAVE_FMIN 1
| #define HAVE_FTIME 1
| #define HAVE_POW 1
| #define HAVE_SQRT 1
| #define HAVE_STRCHR 1
| #define HAVE_STRTOL 1
| #define HAVE_TRUNC 1
| #define ADOLC_VERSION 2
| #define ADOLC_SUBVERSION 6
| #define ADOLC_PATCHLEVEL 2
| #define HAVE_STDLIB_H 1
| #define HAVE_MALLOC 1
| #define HAVE_STDLIB_H 1
| #define HAVE_REALLOC 1
| #define ADOLC_USE_CALLOC 1
| #define ADOLC_ADOUBLE_STDCZERO 1
| #define HAVE_BOOST /**/
| #define HAVE_BOOST_POOL_POOL_ALLOC_HPP 1
| #define HAVE_BOOST_SYSTEM /**/
| #define BOOST_POOL_NO_MT 1
| /* end confdefs.h.  */
| #include <ColPack/ColPackHeaders.h>
configure:18786: result: no
configure:18786: checking for ColPack/ColPackHeaders.h
configure:18786: result: no
configure:18880: checking whether to build documented examples
configure:18889: result: no
configure:18902: checking whether to build additional examples
configure:18911: result: no
configure:18924: checking whether to build parallel example
configure:18933: result: no
configure:18947: checking which CFLAGS to use
configure:18974: result: -O2 
configure:18979: checking which CXXFLAGS to use
configure:19005: result: -O2 
configure:19161: checking whether tape_doc should compute values as it prints the tape contents
configure:19174: result: yes
configure:19313: checking that generated files are newer than configure
configure:19319: result: done
configure:19370: creating ./config.status

## ---------------------- ##
## Running config.status. ##
## ---------------------- ##

This file was extended by adolc config.status 2.6.2-trunk, which was
generated by GNU Autoconf 2.69.  Invocation command line was

  CONFIG_FILES    = 
  CONFIG_HEADERS  = 
  CONFIG_LINKS    = 
  CONFIG_COMMANDS = 
  $ ./config.status 

on auriPC

config.status:1261: creating Makefile
config.status:1261: creating ADOL-C/Makefile
config.status:1261: creating ADOL-C/include/Makefile
config.status:1261: creating ADOL-C/include/adolc/Makefile
config.status:1261: creating ADOL-C/include/adolc/internal/adolc_settings.h
config.status:1261: creating ADOL-C/include/adolc/drivers/Makefile
config.status:1261: creating ADOL-C/include/adolc/internal/Makefile
config.status:1261: creating ADOL-C/include/adolc/lie/Makefile
config.status:1261: creating ADOL-C/include/adolc/sparse/Makefile
config.status:1261: creating ADOL-C/include/adolc/tapedoc/Makefile
config.status:1261: creating ADOL-C/src/Makefile
config.status:1261: creating ADOL-C/src/drivers/Makefile
config.status:1261: creating ADOL-C/src/lie/Makefile
config.status:1261: creating ADOL-C/src/sparse/Makefile
config.status:1261: creating ADOL-C/src/tapedoc/Makefile
config.status:1261: creating ADOL-C/doc/version.tex
config.status:1261: creating ADOL-C/examples/Makefile
config.status:1261: creating ADOL-C/examples/additional_examples/Makefile
config.status:1261: creating ADOL-C/examples/additional_examples/cuda/Makefile
config.status:1261: creating ADOL-C/examples/additional_examples/clock/Makefile
config.status:1261: creating ADOL-C/examples/additional_examples/checkpointing/Makefile
config.status:1261: creating ADOL-C/examples/additional_examples/ext_diff_func/Makefile
config.status:1261: creating ADOL-C/examples/additional_examples/fixpoint_exam/Makefile
config.status:1261: creating ADOL-C/examples/additional_examples/hessmat/Makefile
config.status:1261: creating ADOL-C/examples/additional_examples/lie/Makefile
config.status:1261: creating ADOL-C/examples/additional_examples/lufact/Makefile
config.status:1261: creating ADOL-C/examples/additional_examples/openmp_exam/Makefile
config.status:1261: creating ADOL-C/examples/additional_examples/scal/Makefile
config.status:1261: creating ADOL-C/examples/additional_examples/speelpenning/Makefile
config.status:1261: creating ADOL-C/examples/additional_examples/taylor/Makefile
config.status:1261: creating ADOL-C/examples/additional_examples/detexam/Makefile
config.status:1261: creating ADOL-C/examples/additional_examples/helm/Makefile
config.status:1261: creating ADOL-C/examples/additional_examples/lighthouse/Makefile
config.status:1261: creating ADOL-C/examples/additional_examples/ode/Makefile
config.status:1261: creating ADOL-C/examples/additional_examples/sparse/Makefile
config.status:1261: creating ADOL-C/examples/additional_examples/tapesave/Makefile
config.status:1261: creating ADOL-C/examples/additional_examples/pow/Makefile
config.status:1261: creating ADOL-C/examples/additional_examples/timing/Makefile
config.status:1261: creating ADOL-C/examples/additional_examples/param/Makefile
config.status:1261: creating ADOL-C/test/Makefile
config.status:1261: creating MSVisualStudio/v14/sparse/config.h
config.status:1261: creating MSVisualStudio/v14/nosparse/config.h
config.status:1261: creating MSVisualStudio/v14/x64/sparse/config.h
config.status:1261: creating MSVisualStudio/v14/x64/nosparse/config.h
config.status:1261: creating adolc.spec
config.status:1261: creating adolclib.pc
config.status:1261: creating ADOL-C/src/config.h
config.status:1442: ADOL-C/src/config.h is unchanged
config.status:1490: executing depfiles commands
config.status:1490: executing libtool commands
configure:21854: Applying patches to libtool for GNU compiler

## ---------------- ##
## Cache variables. ##
## ---------------- ##

ac_cv_build=x86_64-pc-linux-gnu
ac_cv_c_compiler_gnu=yes
ac_cv_c_const=yes
ac_cv_c_inline=inline
ac_cv_cxx_compiler_gnu=yes
ac_cv_env_CCC_set=
ac_cv_env_CCC_value=
ac_cv_env_CC_set=
ac_cv_env_CC_value=
ac_cv_env_CFLAGS_set=
ac_cv_env_CFLAGS_value=
ac_cv_env_CPPFLAGS_set=
ac_cv_env_CPPFLAGS_value=
ac_cv_env_CPP_set=
ac_cv_env_CPP_value=
ac_cv_env_CXXCPP_set=
ac_cv_env_CXXCPP_value=
ac_cv_env_CXXFLAGS_set=
ac_cv_env_CXXFLAGS_value=
ac_cv_env_CXX_set=
ac_cv_env_CXX_value=
ac_cv_env_LDFLAGS_set=
ac_cv_env_LDFLAGS_value=
ac_cv_env_LIBS_set=
ac_cv_env_LIBS_value=
ac_cv_env_LT_SYS_LIBRARY_PATH_set=
ac_cv_env_LT_SYS_LIBRARY_PATH_value=
ac_cv_env_build_alias_set=
ac_cv_env_build_alias_value=
ac_cv_env_host_alias_set=
ac_cv_env_host_alias_value=
ac_cv_env_target_alias_set=
ac_cv_env_target_alias_value=
ac_cv_func_dlopen=no
ac_cv_func_floor=yes
ac_cv_func_fmax=yes
ac_cv_func_fmin=yes
ac_cv_func_ftime=yes
ac_cv_func_malloc_0_nonnull=yes
ac_cv_func_pow=yes
ac_cv_func_realloc_0_nonnull=yes
ac_cv_func_shl_load=no
ac_cv_func_sqrt=yes
ac_cv_func_strchr=yes
ac_cv_func_strtol=yes
ac_cv_func_trunc=yes
ac_cv_header_ColPack_ColPackHeaders_h=no
ac_cv_header_boost_pool_pool_alloc_hpp=yes
ac_cv_header_dlfcn_h=yes
ac_cv_header_inttypes_h=yes
ac_cv_header_memory_h=yes
ac_cv_header_stdbool_h=yes
ac_cv_header_stdc=yes
ac_cv_header_stddef_h=yes
ac_cv_header_stdint_h=yes
ac_cv_header_stdio_h=yes
ac_cv_header_stdlib_h=yes
ac_cv_header_string_h=yes
ac_cv_header_strings_h=yes
ac_cv_header_sys_stat_h=yes
ac_cv_header_sys_timeb_h=yes
ac_cv_header_sys_types_h=yes
ac_cv_header_time=yes
ac_cv_header_unistd_h=yes
ac_cv_host=x86_64-pc-linux-gnu
ac_cv_lib_boost_system___exit=yes
ac_cv_lib_dl_dlopen=yes
ac_cv_lib_dld_shl_load=no
ac_cv_objext=o
ac_cv_path_EGREP='/bin/grep -E'
ac_cv_path_FGREP='/bin/grep -F'
ac_cv_path_GREP=/bin/grep
ac_cv_path_SED=/bin/sed
ac_cv_path_install='/usr/bin/install -c'
ac_cv_path_lt_DD=/bin/dd
ac_cv_path_mkdir=/bin/mkdir
ac_cv_prog_AWK=mawk
ac_cv_prog_CPP='gcc -E'
ac_cv_prog_CXXCPP='g++ -E'
ac_cv_prog_ac_ct_AR=ar
ac_cv_prog_ac_ct_CC=gcc
ac_cv_prog_ac_ct_CXX=g++
ac_cv_prog_ac_ct_MANIFEST_TOOL=mt
ac_cv_prog_ac_ct_OBJDUMP=objdump
ac_cv_prog_ac_ct_RANLIB=ranlib
ac_cv_prog_ac_ct_STRIP=strip
ac_cv_prog_cc_c89=
ac_cv_prog_cc_c99=
ac_cv_prog_cc_g=yes
ac_cv_prog_cc_gcc_c_o=yes
ac_cv_prog_cxx_g=yes
ac_cv_prog_make_make_set=yes
ac_cv_search_pow=-lm
ac_cv_sizeof_void_p=8
ac_cv_struct_tm=time.h
ac_cv_type__Bool=yes
ac_cv_type_size_t=yes
am_cv_CC_dependencies_compiler_type=gcc3
am_cv_CXX_dependencies_compiler_type=gcc3
am_cv_make_support_nested_variables=yes
am_cv_prog_cc_c_o=yes
ax_cv_boost_system=yes
ax_cv_cxx_compile_cxx11=no
ax_cv_cxx_compile_cxx11__std_cpp11=yes
lt_cv_ar_at_file=@
lt_cv_archive_cmds_need_lc=no
lt_cv_deplibs_check_method=pass_all
lt_cv_dlopen=dlopen
lt_cv_dlopen_libs=-ldl
lt_cv_dlopen_self=yes
lt_cv_dlopen_self_static=no
lt_cv_file_magic_cmd='$MAGIC_CMD'
lt_cv_file_magic_test_file=
lt_cv_ld_reload_flag=-r
lt_cv_nm_interface='BSD nm'
lt_cv_objdir=.libs
lt_cv_path_LD=/usr/bin/ld
lt_cv_path_LDCXX='/usr/bin/ld -m elf_x86_64'
lt_cv_path_NM='/usr/bin/nm -B'
lt_cv_path_mainfest_tool=no
lt_cv_prog_compiler_c_o=yes
lt_cv_prog_compiler_c_o_CXX=yes
lt_cv_prog_compiler_pic='-fPIC -DPIC'
lt_cv_prog_compiler_pic_CXX='-fPIC -DPIC'
lt_cv_prog_compiler_pic_works=yes
lt_cv_prog_compiler_pic_works_CXX=yes
lt_cv_prog_compiler_rtti_exceptions=no
lt_cv_prog_compiler_static_works=yes
lt_cv_prog_compiler_static_works_CXX=yes
lt_cv_prog_gnu_ld=yes
lt_cv_prog_gnu_ldcxx=yes
lt_cv_sharedlib_from_linklib_cmd='printf %s\n'
lt_cv_shlibpath_overrides_runpath=no
lt_cv_sys_global_symbol_pipe='sed -n -e '\''s/^.*[	 ]\([ABCDGIRSTW][ABCDGIRSTW]*\)[	 ][	 ]*\([_A-Za-z][_A-Za-z0-9]*\)$/\1 \2 \2/p'\'' | sed '\''/ __gnu_lto/d'\'''
lt_cv_sys_global_symbol_to_c_name_address='sed -n -e '\''s/^: \(.*\) .*$/  {"\1", (void *) 0},/p'\'' -e '\''s/^[ABCDGIRSTW][ABCDGIRSTW]* .* \(.*\)$/  {"\1", (void *) \&\1},/p'\'''
lt_cv_sys_global_symbol_to_c_name_address_lib_prefix='sed -n -e '\''s/^: \(.*\) .*$/  {"\1", (void *) 0},/p'\'' -e '\''s/^[ABCDGIRSTW][ABCDGIRSTW]* .* \(lib.*\)$/  {"\1", (void *) \&\1},/p'\'' -e '\''s/^[ABCDGIRSTW][ABCDGIRSTW]* .* \(.*\)$/  {"lib\1", (void *) \&\1},/p'\'''
lt_cv_sys_global_symbol_to_cdecl='sed -n -e '\''s/^T .* \(.*\)$/extern int \1();/p'\'' -e '\''s/^[ABCDGIRSTW][ABCDGIRSTW]* .* \(.*\)$/extern char \1;/p'\'''
lt_cv_sys_global_symbol_to_import=
lt_cv_sys_max_cmd_len=1572864
lt_cv_to_host_file_cmd=func_convert_file_noop
lt_cv_to_tool_file_cmd=func_convert_file_noop
lt_cv_truncate_bin='/bin/dd bs=4096 count=1'

## ----------------- ##
## Output variables. ##
## ----------------- ##

ACLOCAL='${SHELL} /home/salvo/IODA/CAD/170206_OCCT_diff_TL/AD/adol-c/autoconf/missing aclocal-1.15'
ADDEXA_FALSE=''
ADDEXA_TRUE='#'
ADOLC_PATCHLEVEL='2'
ADOLC_SUBVERSION='6'
ADOLC_VERSION='2'
ADVBRANCH='#undef ADOLC_ADVANCED_BRANCHING'
AMDEPBACKSLASH='\'
AMDEP_FALSE='#'
AMDEP_TRUE=''
AMTAR='$${TAR-tar}'
AM_BACKSLASH='\'
AM_DEFAULT_V='$(AM_DEFAULT_VERBOSITY)'
AM_DEFAULT_VERBOSITY='0'
AM_V='$(V)'
AR='ar'
AS='as'
ATRIG_ERF='#undef ATRIG_ERF'
AUTOCONF='${SHELL} /home/salvo/IODA/CAD/170206_OCCT_diff_TL/AD/adol-c/autoconf/missing autoconf'
AUTOHEADER='${SHELL} /home/salvo/IODA/CAD/170206_OCCT_diff_TL/AD/adol-c/autoconf/missing autoheader'
AUTOMAKE='${SHELL} /home/salvo/IODA/CAD/170206_OCCT_diff_TL/AD/adol-c/autoconf/missing automake-1.15'
AWK='mawk'
BOOST_CPPFLAGS='-I/usr/include'
BOOST_LDFLAGS='-L/usr/lib/x86_64-linux-gnu'
BOOST_SYSTEM_LIB='-lboost_system'
BUILD_ADOLC_AMPI_SUPPORT_FALSE=''
BUILD_ADOLC_AMPI_SUPPORT_TRUE='#'
CC='gcc'
CCDEPMODE='depmode=gcc3'
CFLAGS='-g -O2'
CPP='gcc -E'
CPPFLAGS=' -I/usr/include'
CXX='g++'
CXXCPP='g++ -E'
CXXDEPMODE='depmode=gcc3'
CXXFLAGS='-g -O2 -std=c++11'
CYGPATH_W='echo'
DEFS='-DHAVE_CONFIG_H'
DEPDIR='.deps'
DLLTOOL='false'
DOCEXA_FALSE=''
DOCEXA_TRUE='#'
DSYMUTIL=''
DUMPBIN=''
ECHO_C=''
ECHO_N='-n'
ECHO_T=''
EGREP='/bin/grep -E'
EXEEXT=''
FGREP='/bin/grep -F'
GREP='/bin/grep'
HAVE_CXX11='1'
HAVE_LIBCOLPACK_FALSE=''
HAVE_LIBCOLPACK_TRUE='#'
INSTALL_DATA='${INSTALL} -m 644'
INSTALL_PROGRAM='${INSTALL}'
INSTALL_SCRIPT='${INSTALL}'
INSTALL_STRIP_PROGRAM='$(install_sh) -c -s'
LD='/usr/bin/ld -m elf_x86_64'
LDFLAGS=' -L/usr/lib/x86_64-linux-gnu -lboost_system'
LIBOBJS=''
LIBS='-lm '
LIBTOOL='$(SHELL) $(top_builddir)/libtool'
LIPO=''
LN_S='ln -s'
LTLIBOBJS=''
LT_SYS_LIBRARY_PATH=''
MAKEINFO='${SHELL} /home/salvo/IODA/CAD/170206_OCCT_diff_TL/AD/adol-c/autoconf/missing makeinfo'
MANIFEST_TOOL=':'
MKDIR_P='/bin/mkdir -p'
NM='/usr/bin/nm -B'
NMEDIT=''
OBJDUMP='objdump'
OBJEXT='o'
OTOOL64=''
OTOOL=''
PACKAGE='adolc'
PACKAGE_BUGREPORT='adol-c@list.coin-or.org'
PACKAGE_NAME='adolc'
PACKAGE_STRING='adolc 2.6.2-trunk'
PACKAGE_TARNAME='adolc'
PACKAGE_URL=''
PACKAGE_VERSION='2.6.2-trunk'
PAREXA_FALSE=''
PAREXA_TRUE='#'
PATH_SEPARATOR=':'
RANLIB='ranlib'
REAL_TYPE='double'
SED='/bin/sed'
SET_MAKE=''
SHELL='/bin/bash'
SPARSE_FALSE=''
SPARSE_TRUE='#'
STRIP='strip'
UINT_TYPE='uint32_t'
USE_BOOST_POOL='#define USE_BOOST_POOL 1'
VERSION='2.6.2-trunk'
_lib='lib64'
ac_adolc_cflags='-O2 '
ac_adolc_cxxflags='-O2 '
ac_aux_dir='autoconf'
ac_ct_AR='ar'
ac_ct_CC='gcc'
ac_ct_CXX='g++'
ac_ct_DUMPBIN=''
adolclib='adolc'
am__EXEEXT_FALSE=''
am__EXEEXT_TRUE='#'
am__fastdepCC_FALSE='#'
am__fastdepCC_TRUE=''
am__fastdepCXX_FALSE='#'
am__fastdepCXX_TRUE=''
am__include='include'
am__isrc=''
am__leading_dot='.'
am__nodep='_no'
am__quote=''
am__tar='$${TAR-tar} chof - "$$tardir"'
am__untar='$${TAR-tar} xf -'
bindir='${exec_prefix}/bin'
build='x86_64-pc-linux-gnu'
build_alias=''
build_cpu='x86_64'
build_os='linux-gnu'
build_vendor='pc'
datadir='${datarootdir}'
datarootdir='${prefix}/share'
docdir='${datarootdir}/doc/${PACKAGE_TARNAME}'
dvidir='${docdir}'
exec_prefix='${prefix}'
host='x86_64-pc-linux-gnu'
host_alias=''
host_cpu='x86_64'
host_os='linux-gnu'
host_vendor='pc'
htmldir='${docdir}'
includedir='${prefix}/include'
infodir='${datarootdir}/info'
install_sh='${SHELL} /home/salvo/IODA/CAD/170206_OCCT_diff_TL/AD/adol-c/autoconf/install-sh'
libdir='${exec_prefix}/lib64'
libexecdir='${exec_prefix}/libexec'
localedir='${datarootdir}/locale'
localstatedir='${prefix}/var'
mandir='${datarootdir}/man'
mkdir_p='$(MKDIR_P)'
oldincludedir='/usr/include'
pdfdir='${docdir}'
prefix='/home/salvo/IODA/CAD/170206_OCCT_diff_TL/AD/adolc_base'
program_transform_name='s,x,x,'
psdir='${docdir}'
runstatedir='${localstatedir}/run'
saveCC='gcc'
saveCXX='g++'
sbindir='${exec_prefix}/sbin'
sharedstatedir='${prefix}/com'
sysconfdir='${prefix}/etc'
target_alias=''

## ----------- ##
## confdefs.h. ##
## ----------- ##

/* confdefs.h */
#define PACKAGE_NAME "adolc"
#define PACKAGE_TARNAME "adolc"
#define PACKAGE_VERSION "2.6.2-trunk"
#define PACKAGE_STRING "adolc 2.6.2-trunk"
#define PACKAGE_BUGREPORT "adol-c@list.coin-or.org"
#define PACKAGE_URL ""
#define PACKAGE "adolc"
#define VERSION "2.6.2-trunk"
#define HAVE_CXX11 1
#define STDC_HEADERS 1
#define HAVE_SYS_TYPES_H 1
#define HAVE_SYS_STAT_H 1
#define HAVE_STDLIB_H 1
#define HAVE_STRING_H 1
#define HAVE_MEMORY_H 1
#define HAVE_STRINGS_H 1
#define HAVE_INTTYPES_H 1
#define HAVE_STDINT_H 1
#define HAVE_UNISTD_H 1
#define HAVE_DLFCN_H 1
#define LT_OBJDIR ".libs/"
#define SIZEOF_VOID_P 8
#define HAVE_BUILTIN_EXPECT 1
#define STDC_HEADERS 1
#define TIME_WITH_SYS_TIME 1
#define HAVE__BOOL 1
#define HAVE_STDBOOL_H 1
#define HAVE_STDDEF_H 1
#define HAVE_STDLIB_H 1
#define HAVE_STDIO_H 1
#define HAVE_STRING_H 1
#define HAVE_UNISTD_H 1
#define HAVE_SYS_TIMEB_H 1
#define HAVE_FLOOR 1
#define HAVE_FMAX 1
#define HAVE_FMIN 1
#define HAVE_FTIME 1
#define HAVE_POW 1
#define HAVE_SQRT 1
#define HAVE_STRCHR 1
#define HAVE_STRTOL 1
#define HAVE_TRUNC 1
#define ADOLC_VERSION 2
#define ADOLC_SUBVERSION 6
#define ADOLC_PATCHLEVEL 2
#define HAVE_STDLIB_H 1
#define HAVE_MALLOC 1
#define HAVE_STDLIB_H 1
#define HAVE_REALLOC 1
#define ADOLC_USE_CALLOC 1
#define ADOLC_ADOUBLE_STDCZERO 1
#define HAVE_BOOST /**/
#define HAVE_BOOST_POOL_POOL_ALLOC_HPP 1
#define HAVE_BOOST_SYSTEM /**/
#define BOOST_POOL_NO_MT 1
#define ADOLC_TAPE_DOC_VALUES 1

configure: exit 0

## ---------------------- ##
## Running config.status. ##
## ---------------------- ##

This file was extended by adolc config.status 2.6.2-trunk, which was
generated by GNU Autoconf 2.69.  Invocation command line was

  CONFIG_FILES    = 
  CONFIG_HEADERS  = 
  CONFIG_LINKS    = 
  CONFIG_COMMANDS = 
  $ ./config.status adolclib.pc

on auriPC

config.status:1261: creating adolclib.pc

## ---------------------- ##
## Running config.status. ##
## ---------------------- ##

This file was extended by adolc config.status 2.6.2-trunk, which was
generated by GNU Autoconf 2.69.  Invocation command line was

  CONFIG_FILES    = 
  CONFIG_HEADERS  = 
  CONFIG_LINKS    = 
  CONFIG_COMMANDS = 
  $ ./config.status adolclib.pc

on auriPC

config.status:1261: creating adolclib.pc
