This file contains any messages produced by compilers while
running configure, to aid debugging if configure makes a mistake.

It was created by adolc configure 2.5.2, which was
generated by GNU Autoconf 2.69.  Invocation command line was

  $ ./configure prefix=/home/salvo/IODA/refactoringOptimisation_compiled/differentiatedCAD/adolc_base

## --------- ##
## Platform. ##
## --------- ##

hostname = auriPC
uname -m = x86_64
uname -r = 4.4.0-72-generic
uname -s = Linux
uname -v = #93-Ubuntu SMP Fri Mar 31 14:07:41 UTC 2017

/usr/bin/uname -p = unknown
/bin/uname -X     = unknown

/bin/arch              = unknown
/usr/bin/arch -k       = unknown
/usr/convex/getsysinfo = unknown
/usr/bin/hostinfo      = unknown
/bin/machine           = unknown
/usr/bin/oslevel       = unknown
/bin/universe          = unknown

PATH: /home/salvo/bin
PATH: /home/salvo/.local/bin
PATH: /usr/local/sbin
PATH: /usr/local/bin
PATH: /usr/sbin
PATH: /usr/bin
PATH: /sbin
PATH: /bin
PATH: /usr/games
PATH: /usr/local/games
PATH: /snap/bin
PATH: /usr/lib/jvm/java-9-oracle/bin
PATH: /usr/lib/jvm/java-9-oracle/db/bin
PATH: /home/salvo/IODA/Trainings/170214_AD/Tapenade/tapenade3.12/bin
PATH: /usr/lib/jvm/java-9-oracle/bin
PATH: /home/salvo/bin
PATH: /home/salvo/.local/bin
PATH: /usr/local/sbin
PATH: /usr/local/bin
PATH: /usr/sbin
PATH: /usr/bin
PATH: /sbin
PATH: /bin
PATH: /usr/games
PATH: /usr/local/games
PATH: /snap/bin
PATH: /usr/lib/jvm/java-9-oracle/bin
PATH: /usr/lib/jvm/java-9-oracle/db/bin
PATH: /home/salvo/Programs/cmake/cmake-3.7.2-Linux-x86_64/bin
PATH: /home/salvo/Programs/clion/clion-2016.3.2/bin
PATH: /home/salvo/Programs/paraview/ParaView-5.2.0-Qt4-OpenGL2-MPI-Linux-64bit/bin
PATH: /home/salvo/Programs/gmsh/gmsh-2.16.0-Linux/bin


## ----------- ##
## Core tests. ##
## ----------- ##

configure:2844: checking for a BSD-compatible install
configure:2912: result: /usr/bin/install -c
configure:2923: checking whether build environment is sane
configure:2978: result: yes
configure:3129: checking for a thread-safe mkdir -p
configure:3168: result: /bin/mkdir -p
configure:3175: checking for gawk
configure:3191: found /usr/bin/gawk
configure:3202: result: gawk
configure:3213: checking whether make sets $(MAKE)
configure:3235: result: yes
configure:3264: checking whether make supports nested variables
configure:3281: result: yes
configure:3366: checking whether to enable maintainer-specific portions of Makefiles
configure:3375: result: no
configure:3399: checking whether make supports nested variables
configure:3416: result: yes
configure:3460: checking whether to build ADOL-C with adjoinable MPI (AMPI) support
configure:3469: result: no
configure:3544: checking for g++
configure:3560: found /usr/bin/g++
configure:3571: result: g++
configure:3598: checking for C++ compiler version
configure:3607: g++ --version >&5
g++ (Ubuntu 5.4.0-6ubuntu1~16.04.4) 5.4.0 20160609
Copyright (C) 2015 Free Software Foundation, Inc.
This is free software; see the source for copying conditions.  There is NO
warranty; not even for MERCHANTABILITY or FITNESS FOR A PARTICULAR PURPOSE.

configure:3618: $? = 0
configure:3607: g++ -v >&5
Using built-in specs.
COLLECT_GCC=g++
COLLECT_LTO_WRAPPER=/usr/lib/gcc/x86_64-linux-gnu/5/lto-wrapper
Target: x86_64-linux-gnu
Configured with: ../src/configure -v --with-pkgversion='Ubuntu 5.4.0-6ubuntu1~16.04.4' --with-bugurl=file:///usr/share/doc/gcc-5/README.Bugs --enable-languages=c,ada,c++,java,go,d,fortran,objc,obj-c++ --prefix=/usr --program-suffix=-5 --enable-shared --enable-linker-build-id --libexecdir=/usr/lib --without-included-gettext --enable-threads=posix --libdir=/usr/lib --enable-nls --with-sysroot=/ --enable-clocale=gnu --enable-libstdcxx-debug --enable-libstdcxx-time=yes --with-default-libstdcxx-abi=new --enable-gnu-unique-object --disable-vtable-verify --enable-libmpx --enable-plugin --with-system-zlib --disable-browser-plugin --enable-java-awt=gtk --enable-gtk-cairo --with-java-home=/usr/lib/jvm/java-1.5.0-gcj-5-amd64/jre --enable-java-home --with-jvm-root-dir=/usr/lib/jvm/java-1.5.0-gcj-5-amd64 --with-jvm-jar-dir=/usr/lib/jvm-exports/java-1.5.0-gcj-5-amd64 --with-arch-directory=amd64 --with-ecj-jar=/usr/share/java/eclipse-ecj.jar --enable-objc-gc --enable-multiarch --disable-werror --with-arch-32=i686 --with-abi=m64 --with-multilib-list=m32,m64,mx32 --enable-multilib --with-tune=generic --enable-checking=release --build=x86_64-linux-gnu --host=x86_64-linux-gnu --target=x86_64-linux-gnu
Thread model: posix
gcc version 5.4.0 20160609 (Ubuntu 5.4.0-6ubuntu1~16.04.4) 
configure:3618: $? = 0
configure:3607: g++ -V >&5
g++: error: unrecognized command line option '-V'
g++: fatal error: no input files
compilation terminated.
configure:3618: $? = 1
configure:3607: g++ -qversion >&5
g++: error: unrecognized command line option '-qversion'
g++: fatal error: no input files
compilation terminated.
configure:3618: $? = 1
configure:3638: checking whether the C++ compiler works
configure:3660: g++    conftest.cpp  >&5
configure:3664: $? = 0
configure:3712: result: yes
configure:3715: checking for C++ compiler default output file name
configure:3717: result: a.out
configure:3723: checking for suffix of executables
configure:3730: g++ -o conftest    conftest.cpp  >&5
configure:3734: $? = 0
configure:3756: result: 
configure:3778: checking whether we are cross compiling
configure:3786: g++ -o conftest    conftest.cpp  >&5
configure:3790: $? = 0
configure:3797: ./conftest
configure:3801: $? = 0
configure:3816: result: no
configure:3821: checking for suffix of object files
configure:3843: g++ -c   conftest.cpp >&5
configure:3847: $? = 0
configure:3868: result: o
configure:3872: checking whether we are using the GNU C++ compiler
configure:3891: g++ -c   conftest.cpp >&5
configure:3891: $? = 0
configure:3900: result: yes
configure:3909: checking whether g++ accepts -g
configure:3929: g++ -c -g  conftest.cpp >&5
configure:3929: $? = 0
configure:3970: result: yes
configure:4004: checking for style of include used by make
configure:4032: result: GNU
configure:4058: checking dependency style of g++
configure:4169: result: gcc3
configure:4192: checking whether g++ supports C++11 features by default
configure:4218: g++ -c -g -O2  conftest.cpp >&5
conftest.cpp:15:21: error: expected identifier before 'sizeof'
       static_assert(sizeof(int) <= sizeof(T), "not big enough");
                     ^
conftest.cpp:15:21: error: expected ',' or '...' before 'sizeof'
conftest.cpp:15:63: error: ISO C++ forbids declaration of 'static_assert' with no type [-fpermissive]
       static_assert(sizeof(int) <= sizeof(T), "not big enough");
                                                               ^
conftest.cpp:18:29: error: '>>' should be '> >' within a nested template argument list
     typedef check<check<bool>> right_angle_brackets;
                             ^
conftest.cpp:21:13: error: expected constructor, destructor, or type conversion before '(' token
     decltype(a) b;
             ^
conftest.cpp:25:15: error: expected unqualified-id before '&&' token
     check_type&& cr = static_cast<check_type&&>(c);
               ^
conftest.cpp:27:10: error: 'd' does not name a type
     auto d = a;
          ^
configure:4218: $? = 1
configure: failed program was:
| /* confdefs.h */
| #define PACKAGE_NAME "adolc"
| #define PACKAGE_TARNAME "adolc"
| #define PACKAGE_VERSION "2.5.2"
| #define PACKAGE_STRING "adolc 2.5.2"
| #define PACKAGE_BUGREPORT "adol-c@list.coin-or.org"
| #define PACKAGE_URL ""
| #define PACKAGE "adolc"
| #define VERSION "2.5.2"
| /* end confdefs.h.  */
| 
|   template <typename T>
|     struct check
|     {
|       static_assert(sizeof(int) <= sizeof(T), "not big enough");
|     };
| 
|     typedef check<check<bool>> right_angle_brackets;
| 
|     int a;
|     decltype(a) b;
| 
|     typedef check<int> check_type;
|     check_type c;
|     check_type&& cr = static_cast<check_type&&>(c);
| 
|     auto d = a;
| 
configure:4225: result: no
configure:4236: checking whether g++ supports C++11 features with -std=c++11
configure:4264: g++ -c -g -O2 -std=c++11  conftest.cpp >&5
configure:4264: $? = 0
configure:4273: result: yes
configure:4355: checking for gcc
configure:4371: found /usr/bin/gcc
configure:4382: result: gcc
configure:4611: checking for C compiler version
configure:4620: gcc --version >&5
gcc (Ubuntu 5.4.0-6ubuntu1~16.04.4) 5.4.0 20160609
Copyright (C) 2015 Free Software Foundation, Inc.
This is free software; see the source for copying conditions.  There is NO
warranty; not even for MERCHANTABILITY or FITNESS FOR A PARTICULAR PURPOSE.

configure:4631: $? = 0
configure:4620: gcc -v >&5
Using built-in specs.
COLLECT_GCC=gcc
COLLECT_LTO_WRAPPER=/usr/lib/gcc/x86_64-linux-gnu/5/lto-wrapper
Target: x86_64-linux-gnu
Configured with: ../src/configure -v --with-pkgversion='Ubuntu 5.4.0-6ubuntu1~16.04.4' --with-bugurl=file:///usr/share/doc/gcc-5/README.Bugs --enable-languages=c,ada,c++,java,go,d,fortran,objc,obj-c++ --prefix=/usr --program-suffix=-5 --enable-shared --enable-linker-build-id --libexecdir=/usr/lib --without-included-gettext --enable-threads=posix --libdir=/usr/lib --enable-nls --with-sysroot=/ --enable-clocale=gnu --enable-libstdcxx-debug --enable-libstdcxx-time=yes --with-default-libstdcxx-abi=new --enable-gnu-unique-object --disable-vtable-verify --enable-libmpx --enable-plugin --with-system-zlib --disable-browser-plugin --enable-java-awt=gtk --enable-gtk-cairo --with-java-home=/usr/lib/jvm/java-1.5.0-gcj-5-amd64/jre --enable-java-home --with-jvm-root-dir=/usr/lib/jvm/java-1.5.0-gcj-5-amd64 --with-jvm-jar-dir=/usr/lib/jvm-exports/java-1.5.0-gcj-5-amd64 --with-arch-directory=amd64 --with-ecj-jar=/usr/share/java/eclipse-ecj.jar --enable-objc-gc --enable-multiarch --disable-werror --with-arch-32=i686 --with-abi=m64 --with-multilib-list=m32,m64,mx32 --enable-multilib --with-tune=generic --enable-checking=release --build=x86_64-linux-gnu --host=x86_64-linux-gnu --target=x86_64-linux-gnu
Thread model: posix
gcc version 5.4.0 20160609 (Ubuntu 5.4.0-6ubuntu1~16.04.4) 
configure:4631: $? = 0
configure:4620: gcc -V >&5
gcc: error: unrecognized command line option '-V'
gcc: fatal error: no input files
compilation terminated.
configure:4631: $? = 1
configure:4620: gcc -qversion >&5
gcc: error: unrecognized command line option '-qversion'
gcc: fatal error: no input files
compilation terminated.
configure:4631: $? = 1
configure:4635: checking whether we are using the GNU C compiler
configure:4654: gcc -c   conftest.c >&5
configure:4654: $? = 0
configure:4663: result: yes
configure:4672: checking whether gcc accepts -g
configure:4692: gcc -c -g  conftest.c >&5
configure:4692: $? = 0
configure:4733: result: yes
configure:4750: checking for gcc option to accept ISO C89
configure:4813: gcc  -c -g -O2  conftest.c >&5
configure:4813: $? = 0
configure:4826: result: none needed
configure:4848: checking dependency style of gcc
configure:4959: result: gcc3
configure:4974: checking for gcc option to accept ISO C99
configure:5123: gcc  -c -g -O2  conftest.c >&5
configure:5123: $? = 0
configure:5136: result: none needed
configure:5156: checking how to run the C preprocessor
configure:5187: gcc -E  conftest.c
configure:5187: $? = 0
configure:5201: gcc -E  conftest.c
conftest.c:12:28: fatal error: ac_nonexistent.h: No such file or directory
compilation terminated.
configure:5201: $? = 1
configure: failed program was:
| /* confdefs.h */
| #define PACKAGE_NAME "adolc"
| #define PACKAGE_TARNAME "adolc"
| #define PACKAGE_VERSION "2.5.2"
| #define PACKAGE_STRING "adolc 2.5.2"
| #define PACKAGE_BUGREPORT "adol-c@list.coin-or.org"
| #define PACKAGE_URL ""
| #define PACKAGE "adolc"
| #define VERSION "2.5.2"
| #define HAVE_CXX11 1
| /* end confdefs.h.  */
| #include <ac_nonexistent.h>
configure:5226: result: gcc -E
configure:5246: gcc -E  conftest.c
configure:5246: $? = 0
configure:5260: gcc -E  conftest.c
conftest.c:12:28: fatal error: ac_nonexistent.h: No such file or directory
compilation terminated.
configure:5260: $? = 1
configure: failed program was:
| /* confdefs.h */
| #define PACKAGE_NAME "adolc"
| #define PACKAGE_TARNAME "adolc"
| #define PACKAGE_VERSION "2.5.2"
| #define PACKAGE_STRING "adolc 2.5.2"
| #define PACKAGE_BUGREPORT "adol-c@list.coin-or.org"
| #define PACKAGE_URL ""
| #define PACKAGE "adolc"
| #define VERSION "2.5.2"
| #define HAVE_CXX11 1
| /* end confdefs.h.  */
| #include <ac_nonexistent.h>
configure:5289: checking whether ln -s works
configure:5293: result: yes
configure:5300: checking whether make sets $(MAKE)
configure:5322: result: yes
configure:5335: checking build system type
configure:5349: result: x86_64-unknown-linux-gnu
configure:5369: checking host system type
configure:5382: result: x86_64-unknown-linux-gnu
configure:5751: checking how to print strings
configure:5778: result: printf
configure:5799: checking for a sed that does not truncate output
configure:5863: result: /bin/sed
configure:5881: checking for grep that handles long lines and -e
configure:5939: result: /bin/grep
configure:5944: checking for egrep
configure:6006: result: /bin/grep -E
configure:6011: checking for fgrep
configure:6073: result: /bin/grep -F
configure:6108: checking for ld used by gcc
configure:6175: result: /usr/bin/ld
configure:6182: checking if the linker (/usr/bin/ld) is GNU ld
configure:6197: result: yes
configure:6209: checking for BSD- or MS-compatible name lister (nm)
configure:6258: result: /usr/bin/nm -B
configure:6388: checking the name lister (/usr/bin/nm -B) interface
configure:6395: gcc -c -g -O2  conftest.c >&5
configure:6398: /usr/bin/nm -B "conftest.o"
configure:6401: output
0000000000000000 B some_variable
configure:6408: result: BSD nm
configure:6412: checking the maximum length of command line arguments
configure:6542: result: 1572864
configure:6559: checking whether the shell understands some XSI constructs
configure:6569: result: yes
configure:6573: checking whether the shell understands "+="
configure:6579: result: yes
configure:6614: checking how to convert x86_64-unknown-linux-gnu file names to x86_64-unknown-linux-gnu format
configure:6654: result: func_convert_file_noop
configure:6661: checking how to convert x86_64-unknown-linux-gnu file names to toolchain format
configure:6681: result: func_convert_file_noop
configure:6688: checking for /usr/bin/ld option to reload object files
configure:6695: result: -r
configure:6769: checking for objdump
configure:6796: result: objdump
configure:6825: checking how to recognize dependent libraries
configure:7027: result: pass_all
configure:7112: checking for dlltool
configure:7139: result: dlltool
configure:7169: checking how to associate runtime and link libraries
configure:7196: result: printf %s\n
configure:7257: checking for ar
configure:7273: found /usr/bin/ar
configure:7284: result: ar
configure:7321: checking for archiver @FILE support
configure:7338: gcc -c -g -O2  conftest.c >&5
configure:7338: $? = 0
configure:7341: ar cru libconftest.a @conftest.lst >&5
ar: `u' modifier ignored since `D' is the default (see `U')
configure:7344: $? = 0
configure:7349: ar cru libconftest.a @conftest.lst >&5
ar: `u' modifier ignored since `D' is the default (see `U')
ar: conftest.o: No such file or directory
configure:7352: $? = 1
configure:7364: result: @
configure:7422: checking for strip
configure:7438: found /usr/bin/strip
configure:7449: result: strip
configure:7521: checking for ranlib
configure:7537: found /usr/bin/ranlib
configure:7548: result: ranlib
configure:7650: checking command to parse /usr/bin/nm -B output from gcc object
configure:7770: gcc -c -g -O2  conftest.c >&5
configure:7773: $? = 0
configure:7777: /usr/bin/nm -B conftest.o \| sed -n -e 's/^.*[ ]\([ABCDGIRSTW][ABCDGIRSTW]*\)[ ][ ]*\([_A-Za-z][_A-Za-z0-9]*\)$/\1 \2 \2/p' | sed '/ __gnu_lto/d' \> conftest.nm
configure:7780: $? = 0
configure:7846: gcc -o conftest -g -O2   conftest.c conftstm.o >&5
configure:7849: $? = 0
configure:7887: result: ok
configure:7924: checking for sysroot
configure:7954: result: no
configure:8031: gcc -c -g -O2  conftest.c >&5
configure:8034: $? = 0
configure:8210: checking for mt
configure:8226: found /bin/mt
configure:8237: result: mt
configure:8260: checking if mt is a manifest tool
configure:8266: mt '-?'
configure:8274: result: no
configure:8912: checking for ANSI C header files
configure:8932: gcc -c -g -O2  conftest.c >&5
configure:8932: $? = 0
configure:9005: gcc -o conftest -g -O2   conftest.c  >&5
configure:9005: $? = 0
configure:9005: ./conftest
configure:9005: $? = 0
configure:9016: result: yes
configure:9029: checking for sys/types.h
configure:9029: gcc -c -g -O2  conftest.c >&5
configure:9029: $? = 0
configure:9029: result: yes
configure:9029: checking for sys/stat.h
configure:9029: gcc -c -g -O2  conftest.c >&5
configure:9029: $? = 0
configure:9029: result: yes
configure:9029: checking for stdlib.h
configure:9029: gcc -c -g -O2  conftest.c >&5
configure:9029: $? = 0
configure:9029: result: yes
configure:9029: checking for string.h
configure:9029: gcc -c -g -O2  conftest.c >&5
configure:9029: $? = 0
configure:9029: result: yes
configure:9029: checking for memory.h
configure:9029: gcc -c -g -O2  conftest.c >&5
configure:9029: $? = 0
configure:9029: result: yes
configure:9029: checking for strings.h
configure:9029: gcc -c -g -O2  conftest.c >&5
configure:9029: $? = 0
configure:9029: result: yes
configure:9029: checking for inttypes.h
configure:9029: gcc -c -g -O2  conftest.c >&5
configure:9029: $? = 0
configure:9029: result: yes
configure:9029: checking for stdint.h
configure:9029: gcc -c -g -O2  conftest.c >&5
configure:9029: $? = 0
configure:9029: result: yes
configure:9029: checking for unistd.h
configure:9029: gcc -c -g -O2  conftest.c >&5
configure:9029: $? = 0
configure:9029: result: yes
configure:9043: checking for dlfcn.h
configure:9043: gcc -c -g -O2  conftest.c >&5
configure:9043: $? = 0
configure:9043: result: yes
configure:9257: checking for objdir
configure:9272: result: .libs
configure:9543: checking if gcc supports -fno-rtti -fno-exceptions
configure:9561: gcc -c -g -O2  -fno-rtti -fno-exceptions conftest.c >&5
cc1: warning: command line option '-fno-rtti' is valid for C++/ObjC++ but not for C
configure:9565: $? = 0
configure:9578: result: no
configure:9905: checking for gcc option to produce PIC
configure:9912: result: -fPIC -DPIC
configure:9920: checking if gcc PIC flag -fPIC -DPIC works
configure:9938: gcc -c -g -O2  -fPIC -DPIC -DPIC conftest.c >&5
configure:9942: $? = 0
configure:9955: result: yes
configure:9984: checking if gcc static flag -static works
configure:10012: result: yes
configure:10027: checking if gcc supports -c -o file.o
configure:10048: gcc -c -g -O2  -o out/conftest2.o conftest.c >&5
configure:10052: $? = 0
configure:10074: result: yes
configure:10082: checking if gcc supports -c -o file.o
configure:10129: result: yes
configure:10162: checking whether the gcc linker (/usr/bin/ld -m elf_x86_64) supports shared libraries
configure:11315: result: yes
configure:11352: checking whether -lc should be explicitly linked in
configure:11360: gcc -c -g -O2  conftest.c >&5
configure:11363: $? = 0
configure:11378: gcc -shared  -fPIC -DPIC conftest.o  -v -Wl,-soname -Wl,conftest -o conftest 2\>\&1 \| /bin/grep  -lc  \>/dev/null 2\>\&1
configure:11381: $? = 0
configure:11395: result: no
configure:11555: checking dynamic linker characteristics
configure:12066: gcc -o conftest -g -O2   -Wl,-rpath -Wl,/foo conftest.c  >&5
configure:12066: $? = 0
configure:12288: result: GNU/Linux ld.so
configure:12395: checking how to hardcode library paths into programs
configure:12420: result: immediate
configure:12960: checking whether stripping libraries is possible
configure:12965: result: yes
configure:13000: checking if libtool supports shared libraries
configure:13002: result: yes
configure:13005: checking whether to build shared libraries
configure:13026: result: yes
configure:13029: checking whether to build static libraries
configure:13033: result: yes
configure:13056: checking how to run the C++ preprocessor
configure:13083: g++ -E  conftest.cpp
configure:13083: $? = 0
configure:13097: g++ -E  conftest.cpp
conftest.cpp:24:28: fatal error: ac_nonexistent.h: No such file or directory
compilation terminated.
configure:13097: $? = 1
configure: failed program was:
| /* confdefs.h */
| #define PACKAGE_NAME "adolc"
| #define PACKAGE_TARNAME "adolc"
| #define PACKAGE_VERSION "2.5.2"
| #define PACKAGE_STRING "adolc 2.5.2"
| #define PACKAGE_BUGREPORT "adol-c@list.coin-or.org"
| #define PACKAGE_URL ""
| #define PACKAGE "adolc"
| #define VERSION "2.5.2"
| #define HAVE_CXX11 1
| #define STDC_HEADERS 1
| #define HAVE_SYS_TYPES_H 1
| #define HAVE_SYS_STAT_H 1
| #define HAVE_STDLIB_H 1
| #define HAVE_STRING_H 1
| #define HAVE_MEMORY_H 1
| #define HAVE_STRINGS_H 1
| #define HAVE_INTTYPES_H 1
| #define HAVE_STDINT_H 1
| #define HAVE_UNISTD_H 1
| #define HAVE_DLFCN_H 1
| #define LT_OBJDIR ".libs/"
| /* end confdefs.h.  */
| #include <ac_nonexistent.h>
configure:13122: result: g++ -E
configure:13142: g++ -E  conftest.cpp
configure:13142: $? = 0
configure:13156: g++ -E  conftest.cpp
conftest.cpp:24:28: fatal error: ac_nonexistent.h: No such file or directory
compilation terminated.
configure:13156: $? = 1
configure: failed program was:
| /* confdefs.h */
| #define PACKAGE_NAME "adolc"
| #define PACKAGE_TARNAME "adolc"
| #define PACKAGE_VERSION "2.5.2"
| #define PACKAGE_STRING "adolc 2.5.2"
| #define PACKAGE_BUGREPORT "adol-c@list.coin-or.org"
| #define PACKAGE_URL ""
| #define PACKAGE "adolc"
| #define VERSION "2.5.2"
| #define HAVE_CXX11 1
| #define STDC_HEADERS 1
| #define HAVE_SYS_TYPES_H 1
| #define HAVE_SYS_STAT_H 1
| #define HAVE_STDLIB_H 1
| #define HAVE_STRING_H 1
| #define HAVE_MEMORY_H 1
| #define HAVE_STRINGS_H 1
| #define HAVE_INTTYPES_H 1
| #define HAVE_STDINT_H 1
| #define HAVE_UNISTD_H 1
| #define HAVE_DLFCN_H 1
| #define LT_OBJDIR ".libs/"
| /* end confdefs.h.  */
| #include <ac_nonexistent.h>
configure:13325: checking for ld used by g++
configure:13392: result: /usr/bin/ld -m elf_x86_64
configure:13399: checking if the linker (/usr/bin/ld -m elf_x86_64) is GNU ld
configure:13414: result: yes
configure:13469: checking whether the g++ linker (/usr/bin/ld -m elf_x86_64) supports shared libraries
configure:14474: result: yes
configure:14510: g++ -c -g -O2 -std=c++11  conftest.cpp >&5
configure:14513: $? = 0
configure:15033: checking for g++ option to produce PIC
configure:15040: result: -fPIC -DPIC
configure:15048: checking if g++ PIC flag -fPIC -DPIC works
configure:15066: g++ -c -g -O2 -std=c++11  -fPIC -DPIC -DPIC conftest.cpp >&5
configure:15070: $? = 0
configure:15083: result: yes
configure:15106: checking if g++ static flag -static works
configure:15134: result: yes
configure:15146: checking if g++ supports -c -o file.o
configure:15167: g++ -c -g -O2 -std=c++11  -o out/conftest2.o conftest.cpp >&5
configure:15171: $? = 0
configure:15193: result: yes
configure:15198: checking if g++ supports -c -o file.o
configure:15245: result: yes
configure:15275: checking whether the g++ linker (/usr/bin/ld -m elf_x86_64) supports shared libraries
configure:15311: result: yes
configure:15452: checking dynamic linker characteristics
configure:16119: result: GNU/Linux ld.so
configure:16172: checking how to hardcode library paths into programs
configure:16197: result: immediate
configure:16343: checking size of void *
configure:16348: gcc -o conftest -g -O2   conftest.c  >&5
configure:16348: $? = 0
configure:16348: ./conftest
configure:16348: $? = 0
configure:16362: result: 8
configure:16385: checking for __builtin_expect
configure:16408: gcc -o conftest -g -O2   conftest.c  >&5
configure:16408: $? = 0
configure:16410: result: yes
configure:16427: checking for ANSI C header files
configure:16531: result: yes
configure:16539: checking whether time.h and sys/time.h may both be included
configure:16559: gcc -c -g -O2  conftest.c >&5
configure:16559: $? = 0
configure:16566: result: yes
configure:16574: checking for stdbool.h that conforms to C99
configure:16641: gcc -c -g -O2  conftest.c >&5
configure:16641: $? = 0
configure:16648: result: yes
configure:16650: checking for _Bool
configure:16650: gcc -c -g -O2  conftest.c >&5
configure:16650: $? = 0
configure:16650: gcc -c -g -O2  conftest.c >&5
conftest.c: In function 'main':
conftest.c:64:20: error: expected expression before ')' token
 if (sizeof ((_Bool)))
                    ^
configure:16650: $? = 1
configure: failed program was:
| /* confdefs.h */
| #define PACKAGE_NAME "adolc"
| #define PACKAGE_TARNAME "adolc"
| #define PACKAGE_VERSION "2.5.2"
| #define PACKAGE_STRING "adolc 2.5.2"
| #define PACKAGE_BUGREPORT "adol-c@list.coin-or.org"
| #define PACKAGE_URL ""
| #define PACKAGE "adolc"
| #define VERSION "2.5.2"
| #define HAVE_CXX11 1
| #define STDC_HEADERS 1
| #define HAVE_SYS_TYPES_H 1
| #define HAVE_SYS_STAT_H 1
| #define HAVE_STDLIB_H 1
| #define HAVE_STRING_H 1
| #define HAVE_MEMORY_H 1
| #define HAVE_STRINGS_H 1
| #define HAVE_INTTYPES_H 1
| #define HAVE_STDINT_H 1
| #define HAVE_UNISTD_H 1
| #define HAVE_DLFCN_H 1
| #define LT_OBJDIR ".libs/"
| #define SIZEOF_VOID_P 8
| #define HAVE_BUILTIN_EXPECT 1
| #define STDC_HEADERS 1
| #define TIME_WITH_SYS_TIME 1
| /* end confdefs.h.  */
| #include <stdio.h>
| #ifdef HAVE_SYS_TYPES_H
| # include <sys/types.h>
| #endif
| #ifdef HAVE_SYS_STAT_H
| # include <sys/stat.h>
| #endif
| #ifdef STDC_HEADERS
| # include <stdlib.h>
| # include <stddef.h>
| #else
| # ifdef HAVE_STDLIB_H
| #  include <stdlib.h>
| # endif
| #endif
| #ifdef HAVE_STRING_H
| # if !defined STDC_HEADERS && defined HAVE_MEMORY_H
| #  include <memory.h>
| # endif
| # include <string.h>
| #endif
| #ifdef HAVE_STRINGS_H
| # include <strings.h>
| #endif
| #ifdef HAVE_INTTYPES_H
| # include <inttypes.h>
| #endif
| #ifdef HAVE_STDINT_H
| # include <stdint.h>
| #endif
| #ifdef HAVE_UNISTD_H
| # include <unistd.h>
| #endif
| int
| main ()
| {
| if (sizeof ((_Bool)))
| 	    return 0;
|   ;
|   return 0;
| }
configure:16650: result: yes
configure:16670: checking stddef.h usability
configure:16670: gcc -c -g -O2  conftest.c >&5
configure:16670: $? = 0
configure:16670: result: yes
configure:16670: checking stddef.h presence
configure:16670: gcc -E  conftest.c
configure:16670: $? = 0
configure:16670: result: yes
configure:16670: checking for stddef.h
configure:16670: result: yes
configure:16670: checking for stdlib.h
configure:16670: result: yes
configure:16670: checking stdio.h usability
configure:16670: gcc -c -g -O2  conftest.c >&5
configure:16670: $? = 0
configure:16670: result: yes
configure:16670: checking stdio.h presence
configure:16670: gcc -E  conftest.c
configure:16670: $? = 0
configure:16670: result: yes
configure:16670: checking for stdio.h
configure:16670: result: yes
configure:16670: checking for string.h
configure:16670: result: yes
configure:16670: checking for unistd.h
configure:16670: result: yes
configure:16670: checking sys/timeb.h usability
configure:16670: gcc -c -g -O2  conftest.c >&5
configure:16670: $? = 0
configure:16670: result: yes
configure:16670: checking sys/timeb.h presence
configure:16670: gcc -E  conftest.c
configure:16670: $? = 0
configure:16670: result: yes
configure:16670: checking for sys/timeb.h
configure:16670: result: yes
configure:16682: checking for an ANSI C-conforming const
configure:16748: gcc -c -g -O2  conftest.c >&5
configure:16748: $? = 0
configure:16755: result: yes
configure:16763: checking for inline
configure:16779: gcc -c -g -O2  conftest.c >&5
configure:16779: $? = 0
configure:16787: result: inline
configure:16805: checking for size_t
configure:16805: gcc -c -g -O2  conftest.c >&5
configure:16805: $? = 0
configure:16805: gcc -c -g -O2  conftest.c >&5
conftest.c: In function 'main':
conftest.c:72:21: error: expected expression before ')' token
 if (sizeof ((size_t)))
                     ^
configure:16805: $? = 1
configure: failed program was:
| /* confdefs.h */
| #define PACKAGE_NAME "adolc"
| #define PACKAGE_TARNAME "adolc"
| #define PACKAGE_VERSION "2.5.2"
| #define PACKAGE_STRING "adolc 2.5.2"
| #define PACKAGE_BUGREPORT "adol-c@list.coin-or.org"
| #define PACKAGE_URL ""
| #define PACKAGE "adolc"
| #define VERSION "2.5.2"
| #define HAVE_CXX11 1
| #define STDC_HEADERS 1
| #define HAVE_SYS_TYPES_H 1
| #define HAVE_SYS_STAT_H 1
| #define HAVE_STDLIB_H 1
| #define HAVE_STRING_H 1
| #define HAVE_MEMORY_H 1
| #define HAVE_STRINGS_H 1
| #define HAVE_INTTYPES_H 1
| #define HAVE_STDINT_H 1
| #define HAVE_UNISTD_H 1
| #define HAVE_DLFCN_H 1
| #define LT_OBJDIR ".libs/"
| #define SIZEOF_VOID_P 8
| #define HAVE_BUILTIN_EXPECT 1
| #define STDC_HEADERS 1
| #define TIME_WITH_SYS_TIME 1
| #define HAVE__BOOL 1
| #define HAVE_STDBOOL_H 1
| #define HAVE_STDDEF_H 1
| #define HAVE_STDLIB_H 1
| #define HAVE_STDIO_H 1
| #define HAVE_STRING_H 1
| #define HAVE_UNISTD_H 1
| #define HAVE_SYS_TIMEB_H 1
| /* end confdefs.h.  */
| #include <stdio.h>
| #ifdef HAVE_SYS_TYPES_H
| # include <sys/types.h>
| #endif
| #ifdef HAVE_SYS_STAT_H
| # include <sys/stat.h>
| #endif
| #ifdef STDC_HEADERS
| # include <stdlib.h>
| # include <stddef.h>
| #else
| # ifdef HAVE_STDLIB_H
| #  include <stdlib.h>
| # endif
| #endif
| #ifdef HAVE_STRING_H
| # if !defined STDC_HEADERS && defined HAVE_MEMORY_H
| #  include <memory.h>
| # endif
| # include <string.h>
| #endif
| #ifdef HAVE_STRINGS_H
| # include <strings.h>
| #endif
| #ifdef HAVE_INTTYPES_H
| # include <inttypes.h>
| #endif
| #ifdef HAVE_STDINT_H
| # include <stdint.h>
| #endif
| #ifdef HAVE_UNISTD_H
| # include <unistd.h>
| #endif
| int
| main ()
| {
| if (sizeof ((size_t)))
| 	    return 0;
|   ;
|   return 0;
| }
configure:16805: result: yes
configure:16816: checking whether struct tm is in sys/time.h or time.h
configure:16836: gcc -c -g -O2  conftest.c >&5
configure:16836: $? = 0
configure:16843: result: time.h
configure:16855: checking for stdlib.h
configure:16855: result: yes
configure:16865: checking for GNU libc compatible malloc
configure:16889: gcc -o conftest -g -O2   conftest.c  >&5
configure:16889: $? = 0
configure:16889: ./conftest
configure:16889: $? = 0
configure:16899: result: yes
configure:16922: checking for stdlib.h
configure:16922: result: yes
configure:16932: checking for GNU libc compatible realloc
configure:16956: gcc -o conftest -g -O2   conftest.c  >&5
configure:16956: $? = 0
configure:16956: ./conftest
configure:16956: $? = 0
configure:16966: result: yes
configure:16996: checking for library containing pow
configure:17027: gcc -o conftest -g -O2   conftest.c  >&5
conftest.c:47:6: warning: conflicting types for built-in function 'pow'
 char pow ();
      ^
/tmp/ccgTsM6c.o: In function `main':
/home/salvo/IODA/refactoringOptimisation_compiled/differentiatedCAD/ADOL-C-2.5.2/conftest.c:51: undefined reference to `pow'
collect2: error: ld returned 1 exit status
configure:17027: $? = 1
configure: failed program was:
| /* confdefs.h */
| #define PACKAGE_NAME "adolc"
| #define PACKAGE_TARNAME "adolc"
| #define PACKAGE_VERSION "2.5.2"
| #define PACKAGE_STRING "adolc 2.5.2"
| #define PACKAGE_BUGREPORT "adol-c@list.coin-or.org"
| #define PACKAGE_URL ""
| #define PACKAGE "adolc"
| #define VERSION "2.5.2"
| #define HAVE_CXX11 1
| #define STDC_HEADERS 1
| #define HAVE_SYS_TYPES_H 1
| #define HAVE_SYS_STAT_H 1
| #define HAVE_STDLIB_H 1
| #define HAVE_STRING_H 1
| #define HAVE_MEMORY_H 1
| #define HAVE_STRINGS_H 1
| #define HAVE_INTTYPES_H 1
| #define HAVE_STDINT_H 1
| #define HAVE_UNISTD_H 1
| #define HAVE_DLFCN_H 1
| #define LT_OBJDIR ".libs/"
| #define SIZEOF_VOID_P 8
| #define HAVE_BUILTIN_EXPECT 1
| #define STDC_HEADERS 1
| #define TIME_WITH_SYS_TIME 1
| #define HAVE__BOOL 1
| #define HAVE_STDBOOL_H 1
| #define HAVE_STDDEF_H 1
| #define HAVE_STDLIB_H 1
| #define HAVE_STDIO_H 1
| #define HAVE_STRING_H 1
| #define HAVE_UNISTD_H 1
| #define HAVE_SYS_TIMEB_H 1
| #define HAVE_STDLIB_H 1
| #define HAVE_MALLOC 1
| #define HAVE_STDLIB_H 1
| #define HAVE_REALLOC 1
| /* end confdefs.h.  */
| 
| /* Override any GCC internal prototype to avoid an error.
|    Use char because int might match the return type of a GCC
|    builtin and then its argument prototype would still apply.  */
| #ifdef __cplusplus
| extern "C"
| #endif
| char pow ();
| int
| main ()
| {
| return pow ();
|   ;
|   return 0;
| }
configure:17027: gcc -o conftest -g -O2   conftest.c -lm   >&5
conftest.c:47:6: warning: conflicting types for built-in function 'pow'
 char pow ();
      ^
configure:17027: $? = 0
configure:17044: result: -lm
configure:17055: checking for floor
configure:17055: gcc -o conftest -g -O2   conftest.c -lm  >&5
conftest.c:63:6: warning: conflicting types for built-in function 'floor'
 char floor ();
      ^
configure:17055: $? = 0
configure:17055: result: yes
configure:17055: checking for fmax
configure:17055: gcc -o conftest -g -O2   conftest.c -lm  >&5
conftest.c:64:6: warning: conflicting types for built-in function 'fmax'
 char fmax ();
      ^
configure:17055: $? = 0
configure:17055: result: yes
configure:17055: checking for fmin
configure:17055: gcc -o conftest -g -O2   conftest.c -lm  >&5
conftest.c:65:6: warning: conflicting types for built-in function 'fmin'
 char fmin ();
      ^
configure:17055: $? = 0
configure:17055: result: yes
configure:17055: checking for ftime
configure:17055: gcc -o conftest -g -O2   conftest.c -lm  >&5
configure:17055: $? = 0
configure:17055: result: yes
configure:17055: checking for pow
configure:17055: gcc -o conftest -g -O2   conftest.c -lm  >&5
conftest.c:67:6: warning: conflicting types for built-in function 'pow'
 char pow ();
      ^
configure:17055: $? = 0
configure:17055: result: yes
configure:17055: checking for sqrt
configure:17055: gcc -o conftest -g -O2   conftest.c -lm  >&5
conftest.c:68:6: warning: conflicting types for built-in function 'sqrt'
 char sqrt ();
      ^
configure:17055: $? = 0
configure:17055: result: yes
configure:17055: checking for strchr
configure:17055: gcc -o conftest -g -O2   conftest.c -lm  >&5
conftest.c:69:6: warning: conflicting types for built-in function 'strchr'
 char strchr ();
      ^
configure:17055: $? = 0
configure:17055: result: yes
configure:17055: checking for strtol
configure:17055: gcc -o conftest -g -O2   conftest.c -lm  >&5
configure:17055: $? = 0
configure:17055: result: yes
configure:17055: checking for trunc
configure:17055: gcc -o conftest -g -O2   conftest.c -lm  >&5
conftest.c:71:6: warning: conflicting types for built-in function 'trunc'
 char trunc ();
      ^
configure:17055: $? = 0
configure:17055: result: yes
configure:17085: checking whether to use calloc or malloc for memory allocation
configure:17096: result: calloc
configure:17106: checking whether to enable atrig/erf functions
configure:17115: result: no
configure:17125: checking whether to use 32-bit or 64-bit locations
configure:17141: result: 32-bit
configure:17146: checking whether to use single or double precision
configure:17163: result: double
configure:17167: checking whether to enable advanced branching operations
configure:17176: result: no
configure:17187: checking whether to use ADOL-C debug mode
configure:17199: result: no
configure:17205: checking whether to use ADOL-C hard debug mode
configure:17217: result: no
configure:17236: checking whether the default adouble constructor should initialize the value to 0
configure:17248: result: yes
configure:17260: checking whether the adouble variables have a late initialize option for functions like malloc/realloc
configure:17272: result: no
configure:17284: checking whether errno is thread save
configure:17296: result: no
configure:17308: checking which flag to use to enable OpenMP
configure:17318: result: none
configure:17325: checking whether to build sparse drivers
configure:17334: result: no
configure:17376: checking ColPack/ColPackHeaders.h usability
configure:17376: g++ -c -g -O2 -std=c++11    conftest.cpp >&5
conftest.cpp:87:36: fatal error: ColPack/ColPackHeaders.h: No such file or directory
compilation terminated.
configure:17376: $? = 1
configure: failed program was:
| /* confdefs.h */
| #define PACKAGE_NAME "adolc"
| #define PACKAGE_TARNAME "adolc"
| #define PACKAGE_VERSION "2.5.2"
| #define PACKAGE_STRING "adolc 2.5.2"
| #define PACKAGE_BUGREPORT "adol-c@list.coin-or.org"
| #define PACKAGE_URL ""
| #define PACKAGE "adolc"
| #define VERSION "2.5.2"
| #define HAVE_CXX11 1
| #define STDC_HEADERS 1
| #define HAVE_SYS_TYPES_H 1
| #define HAVE_SYS_STAT_H 1
| #define HAVE_STDLIB_H 1
| #define HAVE_STRING_H 1
| #define HAVE_MEMORY_H 1
| #define HAVE_STRINGS_H 1
| #define HAVE_INTTYPES_H 1
| #define HAVE_STDINT_H 1
| #define HAVE_UNISTD_H 1
| #define HAVE_DLFCN_H 1
| #define LT_OBJDIR ".libs/"
| #define SIZEOF_VOID_P 8
| #define HAVE_BUILTIN_EXPECT 1
| #define STDC_HEADERS 1
| #define TIME_WITH_SYS_TIME 1
| #define HAVE__BOOL 1
| #define HAVE_STDBOOL_H 1
| #define HAVE_STDDEF_H 1
| #define HAVE_STDLIB_H 1
| #define HAVE_STDIO_H 1
| #define HAVE_STRING_H 1
| #define HAVE_UNISTD_H 1
| #define HAVE_SYS_TIMEB_H 1
| #define HAVE_STDLIB_H 1
| #define HAVE_MALLOC 1
| #define HAVE_STDLIB_H 1
| #define HAVE_REALLOC 1
| #define HAVE_FLOOR 1
| #define HAVE_FMAX 1
| #define HAVE_FMIN 1
| #define HAVE_FTIME 1
| #define HAVE_POW 1
| #define HAVE_SQRT 1
| #define HAVE_STRCHR 1
| #define HAVE_STRTOL 1
| #define HAVE_TRUNC 1
| #define ADOLC_VERSION 2
| #define ADOLC_SUBVERSION 5
| #define ADOLC_PATCHLEVEL 2
| #define ADOLC_USE_CALLOC 1
| #define ADOLC_ADOUBLE_STDCZERO 1
| /* end confdefs.h.  */
| #include <stdio.h>
| #ifdef HAVE_SYS_TYPES_H
| # include <sys/types.h>
| #endif
| #ifdef HAVE_SYS_STAT_H
| # include <sys/stat.h>
| #endif
| #ifdef STDC_HEADERS
| # include <stdlib.h>
| # include <stddef.h>
| #else
| # ifdef HAVE_STDLIB_H
| #  include <stdlib.h>
| # endif
| #endif
| #ifdef HAVE_STRING_H
| # if !defined STDC_HEADERS && defined HAVE_MEMORY_H
| #  include <memory.h>
| # endif
| # include <string.h>
| #endif
| #ifdef HAVE_STRINGS_H
| # include <strings.h>
| #endif
| #ifdef HAVE_INTTYPES_H
| # include <inttypes.h>
| #endif
| #ifdef HAVE_STDINT_H
| # include <stdint.h>
| #endif
| #ifdef HAVE_UNISTD_H
| # include <unistd.h>
| #endif
| #include <ColPack/ColPackHeaders.h>
configure:17376: result: no
configure:17376: checking ColPack/ColPackHeaders.h presence
configure:17376: g++ -E   conftest.cpp
conftest.cpp:54:36: fatal error: ColPack/ColPackHeaders.h: No such file or directory
compilation terminated.
configure:17376: $? = 1
configure: failed program was:
| /* confdefs.h */
| #define PACKAGE_NAME "adolc"
| #define PACKAGE_TARNAME "adolc"
| #define PACKAGE_VERSION "2.5.2"
| #define PACKAGE_STRING "adolc 2.5.2"
| #define PACKAGE_BUGREPORT "adol-c@list.coin-or.org"
| #define PACKAGE_URL ""
| #define PACKAGE "adolc"
| #define VERSION "2.5.2"
| #define HAVE_CXX11 1
| #define STDC_HEADERS 1
| #define HAVE_SYS_TYPES_H 1
| #define HAVE_SYS_STAT_H 1
| #define HAVE_STDLIB_H 1
| #define HAVE_STRING_H 1
| #define HAVE_MEMORY_H 1
| #define HAVE_STRINGS_H 1
| #define HAVE_INTTYPES_H 1
| #define HAVE_STDINT_H 1
| #define HAVE_UNISTD_H 1
| #define HAVE_DLFCN_H 1
| #define LT_OBJDIR ".libs/"
| #define SIZEOF_VOID_P 8
| #define HAVE_BUILTIN_EXPECT 1
| #define STDC_HEADERS 1
| #define TIME_WITH_SYS_TIME 1
| #define HAVE__BOOL 1
| #define HAVE_STDBOOL_H 1
| #define HAVE_STDDEF_H 1
| #define HAVE_STDLIB_H 1
| #define HAVE_STDIO_H 1
| #define HAVE_STRING_H 1
| #define HAVE_UNISTD_H 1
| #define HAVE_SYS_TIMEB_H 1
| #define HAVE_STDLIB_H 1
| #define HAVE_MALLOC 1
| #define HAVE_STDLIB_H 1
| #define HAVE_REALLOC 1
| #define HAVE_FLOOR 1
| #define HAVE_FMAX 1
| #define HAVE_FMIN 1
| #define HAVE_FTIME 1
| #define HAVE_POW 1
| #define HAVE_SQRT 1
| #define HAVE_STRCHR 1
| #define HAVE_STRTOL 1
| #define HAVE_TRUNC 1
| #define ADOLC_VERSION 2
| #define ADOLC_SUBVERSION 5
| #define ADOLC_PATCHLEVEL 2
| #define ADOLC_USE_CALLOC 1
| #define ADOLC_ADOUBLE_STDCZERO 1
| /* end confdefs.h.  */
| #include <ColPack/ColPackHeaders.h>
configure:17376: result: no
configure:17376: checking for ColPack/ColPackHeaders.h
configure:17376: result: no
configure:17470: checking whether to build documented examples
configure:17479: result: no
configure:17492: checking whether to build additional examples
configure:17501: result: no
configure:17514: checking whether to build parallel example
configure:17523: result: no
configure:17537: checking which CFLAGS to use
configure:17564: result: -O2 
configure:17569: checking which CXXFLAGS to use
configure:17595: result: -O2 
configure:17751: checking whether tape_doc should compute values as it prints the tape contents
configure:17764: result: yes
configure:17903: checking that generated files are newer than configure
configure:17909: result: done
configure:17968: creating ./config.status

## ---------------------- ##
## Running config.status. ##
## ---------------------- ##

This file was extended by adolc config.status 2.5.2, which was
generated by GNU Autoconf 2.69.  Invocation command line was

  CONFIG_FILES    = 
  CONFIG_HEADERS  = 
  CONFIG_LINKS    = 
  CONFIG_COMMANDS = 
  $ ./config.status 

on auriPC

config.status:1249: creating Makefile
config.status:1249: creating ADOL-C/Makefile
config.status:1249: creating ADOL-C/include/Makefile
config.status:1249: creating ADOL-C/include/adolc/Makefile
config.status:1249: creating ADOL-C/include/adolc/adolc_settings.h
config.status:1249: creating ADOL-C/include/adolc/drivers/Makefile
config.status:1249: creating ADOL-C/include/adolc/sparse/Makefile
config.status:1249: creating ADOL-C/include/adolc/tapedoc/Makefile
config.status:1249: creating ADOL-C/src/Makefile
config.status:1249: creating ADOL-C/src/drivers/Makefile
config.status:1249: creating ADOL-C/src/sparse/Makefile
config.status:1249: creating ADOL-C/src/tapedoc/Makefile
config.status:1249: creating ADOL-C/doc/version.tex
config.status:1249: creating ADOL-C/examples/Makefile
config.status:1249: creating ADOL-C/examples/additional_examples/Makefile
config.status:1249: creating ADOL-C/examples/additional_examples/cuda/Makefile
config.status:1249: creating ADOL-C/examples/additional_examples/clock/Makefile
config.status:1249: creating ADOL-C/examples/additional_examples/checkpointing/Makefile
config.status:1249: creating ADOL-C/examples/additional_examples/ext_diff_func/Makefile
config.status:1249: creating ADOL-C/examples/additional_examples/fixpoint_exam/Makefile
config.status:1249: creating ADOL-C/examples/additional_examples/hessmat/Makefile
config.status:1249: creating ADOL-C/examples/additional_examples/lufact/Makefile
config.status:1249: creating ADOL-C/examples/additional_examples/openmp_exam/Makefile
config.status:1249: creating ADOL-C/examples/additional_examples/scal/Makefile
config.status:1249: creating ADOL-C/examples/additional_examples/speelpenning/Makefile
config.status:1249: creating ADOL-C/examples/additional_examples/taylor/Makefile
config.status:1249: creating ADOL-C/examples/additional_examples/detexam/Makefile
config.status:1249: creating ADOL-C/examples/additional_examples/helm/Makefile
config.status:1249: creating ADOL-C/examples/additional_examples/lighthouse/Makefile
config.status:1249: creating ADOL-C/examples/additional_examples/ode/Makefile
config.status:1249: creating ADOL-C/examples/additional_examples/sparse/Makefile
config.status:1249: creating ADOL-C/examples/additional_examples/tapesave/Makefile
config.status:1249: creating ADOL-C/examples/additional_examples/pow/Makefile
config.status:1249: creating ADOL-C/examples/additional_examples/timing/Makefile
config.status:1249: creating ADOL-C/test/Makefile
config.status:1249: creating MSVisualStudio/v10/sparse/config.h
config.status:1249: creating MSVisualStudio/v10/nosparse/config.h
config.status:1249: creating MSVisualStudio/v10/x64/sparse/config.h
config.status:1249: creating MSVisualStudio/v10/x64/nosparse/config.h
config.status:1249: creating adolc.spec
config.status:1249: creating adolclib.pc
config.status:1249: creating ADOL-C/src/config.h
config.status:1478: executing depfiles commands
config.status:1478: executing libtool commands
configure:20528: Applying patches to libtool for GNU compiler

## ---------------- ##
## Cache variables. ##
## ---------------- ##

ac_cv_build=x86_64-unknown-linux-gnu
ac_cv_c_compiler_gnu=yes
ac_cv_c_const=yes
ac_cv_c_inline=inline
ac_cv_cxx_compiler_gnu=yes
ac_cv_env_CCC_set=
ac_cv_env_CCC_value=
ac_cv_env_CC_set=
ac_cv_env_CC_value=
ac_cv_env_CFLAGS_set=
ac_cv_env_CFLAGS_value=
ac_cv_env_CPPFLAGS_set=
ac_cv_env_CPPFLAGS_value=
ac_cv_env_CPP_set=
ac_cv_env_CPP_value=
ac_cv_env_CXXCPP_set=
ac_cv_env_CXXCPP_value=
ac_cv_env_CXXFLAGS_set=
ac_cv_env_CXXFLAGS_value=
ac_cv_env_CXX_set=
ac_cv_env_CXX_value=
ac_cv_env_LDFLAGS_set=
ac_cv_env_LDFLAGS_value=
ac_cv_env_LIBS_set=
ac_cv_env_LIBS_value=
ac_cv_env_build_alias_set=
ac_cv_env_build_alias_value=
ac_cv_env_host_alias_set=
ac_cv_env_host_alias_value=
ac_cv_env_target_alias_set=
ac_cv_env_target_alias_value=
ac_cv_func_floor=yes
ac_cv_func_fmax=yes
ac_cv_func_fmin=yes
ac_cv_func_ftime=yes
ac_cv_func_malloc_0_nonnull=yes
ac_cv_func_pow=yes
ac_cv_func_realloc_0_nonnull=yes
ac_cv_func_sqrt=yes
ac_cv_func_strchr=yes
ac_cv_func_strtol=yes
ac_cv_func_trunc=yes
ac_cv_header_ColPack_ColPackHeaders_h=no
ac_cv_header_dlfcn_h=yes
ac_cv_header_inttypes_h=yes
ac_cv_header_memory_h=yes
ac_cv_header_stdbool_h=yes
ac_cv_header_stdc=yes
ac_cv_header_stddef_h=yes
ac_cv_header_stdint_h=yes
ac_cv_header_stdio_h=yes
ac_cv_header_stdlib_h=yes
ac_cv_header_string_h=yes
ac_cv_header_strings_h=yes
ac_cv_header_sys_stat_h=yes
ac_cv_header_sys_timeb_h=yes
ac_cv_header_sys_types_h=yes
ac_cv_header_time=yes
ac_cv_header_unistd_h=yes
ac_cv_host=x86_64-unknown-linux-gnu
ac_cv_objext=o
ac_cv_path_EGREP='/bin/grep -E'
ac_cv_path_FGREP='/bin/grep -F'
ac_cv_path_GREP=/bin/grep
ac_cv_path_SED=/bin/sed
ac_cv_path_install='/usr/bin/install -c'
ac_cv_path_mkdir=/bin/mkdir
ac_cv_prog_AWK=gawk
ac_cv_prog_CPP='gcc -E'
ac_cv_prog_CXXCPP='g++ -E'
ac_cv_prog_ac_ct_AR=ar
ac_cv_prog_ac_ct_CC=gcc
ac_cv_prog_ac_ct_CXX=g++
ac_cv_prog_ac_ct_DLLTOOL=dlltool
ac_cv_prog_ac_ct_MANIFEST_TOOL=mt
ac_cv_prog_ac_ct_OBJDUMP=objdump
ac_cv_prog_ac_ct_RANLIB=ranlib
ac_cv_prog_ac_ct_STRIP=strip
ac_cv_prog_cc_c89=
ac_cv_prog_cc_c99=
ac_cv_prog_cc_g=yes
ac_cv_prog_cxx_g=yes
ac_cv_prog_make_make_set=yes
ac_cv_search_pow=-lm
ac_cv_sizeof_void_p=8
ac_cv_struct_tm=time.h
ac_cv_type__Bool=yes
ac_cv_type_size_t=yes
am_cv_CC_dependencies_compiler_type=gcc3
am_cv_CXX_dependencies_compiler_type=gcc3
am_cv_make_support_nested_variables=yes
ax_cv_cxx_compile_cxx11=no
ax_cv_cxx_compile_cxx11__std_cpp11=yes
lt_cv_ar_at_file=@
lt_cv_archive_cmds_need_lc=no
lt_cv_deplibs_check_method=pass_all
lt_cv_file_magic_cmd='$MAGIC_CMD'
lt_cv_file_magic_test_file=
lt_cv_ld_reload_flag=-r
lt_cv_nm_interface='BSD nm'
lt_cv_objdir=.libs
lt_cv_path_LD=/usr/bin/ld
lt_cv_path_LDCXX='/usr/bin/ld -m elf_x86_64'
lt_cv_path_NM='/usr/bin/nm -B'
lt_cv_path_mainfest_tool=no
lt_cv_prog_compiler_c_o=yes
lt_cv_prog_compiler_c_o_CXX=yes
lt_cv_prog_compiler_pic='-fPIC -DPIC'
lt_cv_prog_compiler_pic_CXX='-fPIC -DPIC'
lt_cv_prog_compiler_pic_works=yes
lt_cv_prog_compiler_pic_works_CXX=yes
lt_cv_prog_compiler_rtti_exceptions=no
lt_cv_prog_compiler_static_works=yes
lt_cv_prog_compiler_static_works_CXX=yes
lt_cv_prog_gnu_ld=yes
lt_cv_prog_gnu_ldcxx=yes
lt_cv_sharedlib_from_linklib_cmd='printf %s\n'
lt_cv_shlibpath_overrides_runpath=no
lt_cv_sys_global_symbol_pipe='sed -n -e '\''s/^.*[	 ]\([ABCDGIRSTW][ABCDGIRSTW]*\)[	 ][	 ]*\([_A-Za-z][_A-Za-z0-9]*\)$/\1 \2 \2/p'\'' | sed '\''/ __gnu_lto/d'\'''
lt_cv_sys_global_symbol_to_c_name_address='sed -n -e '\''s/^: \([^ ]*\)[ ]*$/  {\"\1\", (void *) 0},/p'\'' -e '\''s/^[ABCDGIRSTW]* \([^ ]*\) \([^ ]*\)$/  {"\2", (void *) \&\2},/p'\'''
lt_cv_sys_global_symbol_to_c_name_address_lib_prefix='sed -n -e '\''s/^: \([^ ]*\)[ ]*$/  {\"\1\", (void *) 0},/p'\'' -e '\''s/^[ABCDGIRSTW]* \([^ ]*\) \(lib[^ ]*\)$/  {"\2", (void *) \&\2},/p'\'' -e '\''s/^[ABCDGIRSTW]* \([^ ]*\) \([^ ]*\)$/  {"lib\2", (void *) \&\2},/p'\'''
lt_cv_sys_global_symbol_to_cdecl='sed -n -e '\''s/^T .* \(.*\)$/extern int \1();/p'\'' -e '\''s/^[ABCDGIRSTW]* .* \(.*\)$/extern char \1;/p'\'''
lt_cv_sys_max_cmd_len=1572864
lt_cv_to_host_file_cmd=func_convert_file_noop
lt_cv_to_tool_file_cmd=func_convert_file_noop

## ----------------- ##
## Output variables. ##
## ----------------- ##

ACLOCAL='${SHELL} /home/salvo/IODA/refactoringOptimisation_compiled/differentiatedCAD/ADOL-C-2.5.2/autoconf/missing aclocal-1.13'
ADDEXA_FALSE=''
ADDEXA_TRUE='#'
ADOLC_PATCHLEVEL='2'
ADOLC_SUBVERSION='5'
ADOLC_VERSION='2'
ADVBRANCH='#undef ADOLC_ADVANCED_BRANCHING'
AMDEPBACKSLASH='\'
AMDEP_FALSE='#'
AMDEP_TRUE=''
AMTAR='$${TAR-tar}'
AM_BACKSLASH='\'
AM_DEFAULT_V='$(AM_DEFAULT_VERBOSITY)'
AM_DEFAULT_VERBOSITY='0'
AM_V='$(V)'
AR='ar'
AS='as'
ATRIG_ERF='#undef ATRIG_ERF'
AUTOCONF='${SHELL} /home/salvo/IODA/refactoringOptimisation_compiled/differentiatedCAD/ADOL-C-2.5.2/autoconf/missing autoconf'
AUTOHEADER='${SHELL} /home/salvo/IODA/refactoringOptimisation_compiled/differentiatedCAD/ADOL-C-2.5.2/autoconf/missing autoheader'
AUTOMAKE='${SHELL} /home/salvo/IODA/refactoringOptimisation_compiled/differentiatedCAD/ADOL-C-2.5.2/autoconf/missing automake-1.13'
AWK='gawk'
BUILD_ADOLC_AMPI_SUPPORT_FALSE=''
BUILD_ADOLC_AMPI_SUPPORT_TRUE='#'
CC='gcc'
CCDEPMODE='depmode=gcc3'
CFLAGS='-g -O2'
CPP='gcc -E'
CPPFLAGS=''
CXX='g++'
CXXCPP='g++ -E'
CXXDEPMODE='depmode=gcc3'
CXXFLAGS='-g -O2 -std=c++11'
CYGPATH_W='echo'
DARWIN_FALSE=''
DARWIN_TRUE='#'
DEFS='-DHAVE_CONFIG_H'
DEPDIR='.deps'
DLLTOOL='dlltool'
DOCEXA_FALSE=''
DOCEXA_TRUE='#'
DSYMUTIL=''
DUMPBIN=''
ECHO_C=''
ECHO_N='-n'
ECHO_T=''
EGREP='/bin/grep -E'
EXEEXT=''
FGREP='/bin/grep -F'
GREP='/bin/grep'
HAVE_CXX11='1'
HAVE_LIBCOLPACK_FALSE=''
HAVE_LIBCOLPACK_TRUE='#'
INSTALL_DATA='${INSTALL} -m 644'
INSTALL_PROGRAM='${INSTALL}'
INSTALL_SCRIPT='${INSTALL}'
INSTALL_STRIP_PROGRAM='$(install_sh) -c -s'
LD='/usr/bin/ld -m elf_x86_64'
LDFLAGS=''
LIBOBJS=''
LIBS='-lm '
LIBTOOL='$(SHELL) $(top_builddir)/libtool'
LIPO=''
LN_S='ln -s'
LTLIBOBJS=''
MAINT='#'
MAINTAINER_MODE_FALSE=''
MAINTAINER_MODE_TRUE='#'
MAKEINFO='${SHELL} /home/salvo/IODA/refactoringOptimisation_compiled/differentiatedCAD/ADOL-C-2.5.2/autoconf/missing makeinfo'
MANIFEST_TOOL=':'
MKDIR_P='/bin/mkdir -p'
NM='/usr/bin/nm -B'
NMEDIT=''
OBJDUMP='objdump'
OBJEXT='o'
OTOOL64=''
OTOOL=''
PACKAGE='adolc'
PACKAGE_BUGREPORT='adol-c@list.coin-or.org'
PACKAGE_NAME='adolc'
PACKAGE_STRING='adolc 2.5.2'
PACKAGE_TARNAME='adolc'
PACKAGE_URL=''
PACKAGE_VERSION='2.5.2'
PAREXA_FALSE=''
PAREXA_TRUE='#'
PATH_SEPARATOR=':'
RANLIB='ranlib'
REAL_TYPE='double'
SED='/bin/sed'
SET_MAKE=''
SHELL='/bin/bash'
SPARSE_FALSE=''
SPARSE_TRUE='#'
STRIP='strip'
UINT_TYPE='uint32_t'
VERSION='2.5.2'
_lib='lib64'
ac_adolc_cflags='-O2 '
ac_adolc_cxxflags='-O2 '
ac_aux_dir='autoconf'
ac_ct_AR='ar'
ac_ct_CC='gcc'
ac_ct_CXX='g++'
ac_ct_DUMPBIN=''
adolclib='adolc'
am__EXEEXT_FALSE=''
am__EXEEXT_TRUE='#'
am__fastdepCC_FALSE='#'
am__fastdepCC_TRUE=''
am__fastdepCXX_FALSE='#'
am__fastdepCXX_TRUE=''
am__include='include'
am__isrc=''
am__leading_dot='.'
am__nodep='_no'
am__quote=''
am__tar='$${TAR-tar} chof - "$$tardir"'
am__untar='$${TAR-tar} xf -'
bindir='${exec_prefix}/bin'
build='x86_64-unknown-linux-gnu'
build_alias=''
build_cpu='x86_64'
build_os='linux-gnu'
build_vendor='unknown'
datadir='${datarootdir}'
datarootdir='${prefix}/share'
docdir='${datarootdir}/doc/${PACKAGE_TARNAME}'
dvidir='${docdir}'
exec_prefix='${prefix}'
host='x86_64-unknown-linux-gnu'
host_alias=''
host_cpu='x86_64'
host_os='linux-gnu'
host_vendor='unknown'
htmldir='${docdir}'
includedir='${prefix}/include'
infodir='${datarootdir}/info'
install_sh='${SHELL} /home/salvo/IODA/refactoringOptimisation_compiled/differentiatedCAD/ADOL-C-2.5.2/autoconf/install-sh'
libdir='${exec_prefix}/lib64'
libexecdir='${exec_prefix}/libexec'
localedir='${datarootdir}/locale'
localstatedir='${prefix}/var'
mandir='${datarootdir}/man'
mkdir_p='$(MKDIR_P)'
oldincludedir='/usr/include'
pdfdir='${docdir}'
prefix='/home/salvo/IODA/refactoringOptimisation_compiled/differentiatedCAD/adolc_base'
program_transform_name='s,x,x,'
psdir='${docdir}'
saveCC='gcc'
saveCXX='g++'
sbindir='${exec_prefix}/sbin'
sharedstatedir='${prefix}/com'
sysconfdir='${prefix}/etc'
target_alias=''

## ----------- ##
## confdefs.h. ##
## ----------- ##

/* confdefs.h */
#define PACKAGE_NAME "adolc"
#define PACKAGE_TARNAME "adolc"
#define PACKAGE_VERSION "2.5.2"
#define PACKAGE_STRING "adolc 2.5.2"
#define PACKAGE_BUGREPORT "adol-c@list.coin-or.org"
#define PACKAGE_URL ""
#define PACKAGE "adolc"
#define VERSION "2.5.2"
#define HAVE_CXX11 1
#define STDC_HEADERS 1
#define HAVE_SYS_TYPES_H 1
#define HAVE_SYS_STAT_H 1
#define HAVE_STDLIB_H 1
#define HAVE_STRING_H 1
#define HAVE_MEMORY_H 1
#define HAVE_STRINGS_H 1
#define HAVE_INTTYPES_H 1
#define HAVE_STDINT_H 1
#define HAVE_UNISTD_H 1
#define HAVE_DLFCN_H 1
#define LT_OBJDIR ".libs/"
#define SIZEOF_VOID_P 8
#define HAVE_BUILTIN_EXPECT 1
#define STDC_HEADERS 1
#define TIME_WITH_SYS_TIME 1
#define HAVE__BOOL 1
#define HAVE_STDBOOL_H 1
#define HAVE_STDDEF_H 1
#define HAVE_STDLIB_H 1
#define HAVE_STDIO_H 1
#define HAVE_STRING_H 1
#define HAVE_UNISTD_H 1
#define HAVE_SYS_TIMEB_H 1
#define HAVE_STDLIB_H 1
#define HAVE_MALLOC 1
#define HAVE_STDLIB_H 1
#define HAVE_REALLOC 1
#define HAVE_FLOOR 1
#define HAVE_FMAX 1
#define HAVE_FMIN 1
#define HAVE_FTIME 1
#define HAVE_POW 1
#define HAVE_SQRT 1
#define HAVE_STRCHR 1
#define HAVE_STRTOL 1
#define HAVE_TRUNC 1
#define ADOLC_VERSION 2
#define ADOLC_SUBVERSION 5
#define ADOLC_PATCHLEVEL 2
#define ADOLC_USE_CALLOC 1
#define ADOLC_ADOUBLE_STDCZERO 1
#define ADOLC_TAPE_DOC_VALUES 1

configure: exit 0
